khuncon1.0_khcon1.0_khcar1.0_kvconf1.0_riverres1.0
Building DAG of jobs...
Using shell: /usr/bin/bash
Provided cores: 16
Rules claiming more threads will be scaled down.
Job stats:
job           count
----------  -------
all               1
move_data         1
run_models        1
wrap_up           1
total             4

Select jobs to execute...

[Tue Dec  3 14:25:41 2024]
rule run_models:
    input: /projects/0/einf4705/workflow/output_calibration/khuncon1.0_khcon1.0_khcar1.0_kvconf1.0_riverres1.0/gswp3-w5e5/ss/slurm_logs/2_write_model_input/_writeModels_ss_complete
    output: /projects/0/einf4705/workflow/output_calibration/khuncon1.0_khcon1.0_khcar1.0_kvconf1.0_riverres1.0/gswp3-w5e5/ss/slurm_logs/4_post-processing/_runModels_complete_1, /projects/0/einf4705/workflow/output_calibration/khuncon1.0_khcon1.0_khcar1.0_kvconf1.0_riverres1.0/gswp3-w5e5/ss/slurm_logs/4_post-processing/_runModels_complete_2, /projects/0/einf4705/workflow/output_calibration/khuncon1.0_khcon1.0_khcar1.0_kvconf1.0_riverres1.0/gswp3-w5e5/ss/slurm_logs/4_post-processing/_runModels_complete_3, /projects/0/einf4705/workflow/output_calibration/khuncon1.0_khcon1.0_khcar1.0_kvconf1.0_riverres1.0/gswp3-w5e5/ss/slurm_logs/4_post-processing/_runModels_complete_4
    jobid: 3
    reason: Forced execution
    resources: tmpdir=/scratch-local/bvjaarsv.8895378

Submitted batch job 8895381
Submitted batch job 8895382
Submitted batch job 8895383
Submitted batch job 8895384
[Tue Dec  3 14:45:53 2024]
Finished job 3.
1 of 4 steps (25%) done
Select jobs to execute...

[Tue Dec  3 14:45:53 2024]
rule move_data:
    input: /projects/0/einf4705/workflow/output_calibration/khuncon1.0_khcon1.0_khcar1.0_kvconf1.0_riverres1.0/gswp3-w5e5/ss/slurm_logs/4_post-processing/_runModels_complete_1, /projects/0/einf4705/workflow/output_calibration/khuncon1.0_khcon1.0_khcar1.0_kvconf1.0_riverres1.0/gswp3-w5e5/ss/slurm_logs/4_post-processing/_runModels_complete_2, /projects/0/einf4705/workflow/output_calibration/khuncon1.0_khcon1.0_khcar1.0_kvconf1.0_riverres1.0/gswp3-w5e5/ss/slurm_logs/4_post-processing/_runModels_complete_3, /projects/0/einf4705/workflow/output_calibration/khuncon1.0_khcon1.0_khcar1.0_kvconf1.0_riverres1.0/gswp3-w5e5/ss/slurm_logs/4_post-processing/_runModels_complete_4
    output: /projects/0/einf4705/workflow/output_calibration/khuncon1.0_khcon1.0_khcar1.0_kvconf1.0_riverres1.0/gswp3-w5e5/ss/slurm_logs/move_done
    jobid: 2
    reason: Missing output files: /projects/0/einf4705/workflow/output_calibration/khuncon1.0_khcon1.0_khcar1.0_kvconf1.0_riverres1.0/gswp3-w5e5/ss/slurm_logs/move_done; Input files updated by another job: /projects/0/einf4705/workflow/output_calibration/khuncon1.0_khcon1.0_khcar1.0_kvconf1.0_riverres1.0/gswp3-w5e5/ss/slurm_logs/4_post-processing/_runModels_complete_3, /projects/0/einf4705/workflow/output_calibration/khuncon1.0_khcon1.0_khcar1.0_kvconf1.0_riverres1.0/gswp3-w5e5/ss/slurm_logs/4_post-processing/_runModels_complete_4, /projects/0/einf4705/workflow/output_calibration/khuncon1.0_khcon1.0_khcar1.0_kvconf1.0_riverres1.0/gswp3-w5e5/ss/slurm_logs/4_post-processing/_runModels_complete_2, /projects/0/einf4705/workflow/output_calibration/khuncon1.0_khcon1.0_khcar1.0_kvconf1.0_riverres1.0/gswp3-w5e5/ss/slurm_logs/4_post-processing/_runModels_complete_1
    resources: tmpdir=/scratch-local/bvjaarsv.8895378

[Tue Dec  3 14:45:56 2024]
Finished job 2.
2 of 4 steps (50%) done
Select jobs to execute...

[Tue Dec  3 14:45:56 2024]
rule wrap_up:
    input: /projects/0/einf4705/workflow/output_calibration/khuncon1.0_khcon1.0_khcar1.0_kvconf1.0_riverres1.0/gswp3-w5e5/ss/slurm_logs/move_done
    output: /projects/0/einf4705/workflow/output_calibration/khuncon1.0_khcon1.0_khcar1.0_kvconf1.0_riverres1.0_done
    jobid: 1
    reason: Missing output files: /projects/0/einf4705/workflow/output_calibration/khuncon1.0_khcon1.0_khcar1.0_kvconf1.0_riverres1.0_done; Input files updated by another job: /projects/0/einf4705/workflow/output_calibration/khuncon1.0_khcon1.0_khcar1.0_kvconf1.0_riverres1.0/gswp3-w5e5/ss/slurm_logs/move_done
    resources: tmpdir=/scratch-local/bvjaarsv.8895378

[Tue Dec  3 14:46:18 2024]
Finished job 1.
3 of 4 steps (75%) done
Select jobs to execute...

[Tue Dec  3 14:46:18 2024]
localrule all:
    input: /projects/0/einf4705/workflow/output_calibration/khuncon1.0_khcon1.0_khcar1.0_kvconf1.0_riverres1.0_done
    jobid: 0
    reason: Input files updated by another job: /projects/0/einf4705/workflow/output_calibration/khuncon1.0_khcon1.0_khcar1.0_kvconf1.0_riverres1.0_done
    resources: tmpdir=/scratch-local/bvjaarsv.8895378

[Tue Dec  3 14:46:18 2024]
Finished job 0.
4 of 4 steps (100%) done
Complete log: .snakemake/log/2024-12-03T142540.375261.snakemake.log
Total combinations: 1

JOB STATISTICS
==============
Job ID: 8895378
Array Job ID: 8895378_1
Cluster: snellius
User/Group: bvjaarsv/bvjaarsv
State: COMPLETED (exit code 0)
Nodes: 1
Cores per node: 16
CPU Utilized: 00:00:05
CPU Efficiency: 0.02% of 05:35:44 core-walltime
Job Wall-clock time: 00:20:59
Memory Utilized: 122.33 MB
Memory Efficiency: 0.43% of 28.00 GB
