host: tcn679.local.snellius.surf.nl
Building DAG of jobs...
You are running snakemake in a SLURM job context. This is not recommended, as it may lead to unexpected behavior. Please run Snakemake directly on the login node.
SLURM run ID: 9ed78dcb-27f5-4c8f-9ba8-92a3630f9920
Using shell: /usr/bin/bash
Provided remote nodes: 100
Job stats:
job                                 count
--------------------------------  -------
all                                     1
modify_ini_conditions_subRun2           1
modify_ini_conditions_subRun3           1
modify_ini_conditions_subRun4           1
post_model_solution1_hds_subRun1        1
post_model_solution1_hds_subRun2        1
post_model_solution1_hds_subRun3        1
post_model_solution1_hds_subRun4        1
post_model_solution1_wtd_subRun1        1
post_model_solution1_wtd_subRun2        1
post_model_solution1_wtd_subRun3        1
post_model_solution1_wtd_subRun4        1
post_model_solution2_hds_subRun1        1
post_model_solution2_hds_subRun2        1
post_model_solution2_hds_subRun3        1
post_model_solution2_hds_subRun4        1
post_model_solution2_wtd_subRun1        1
post_model_solution2_wtd_subRun2        1
post_model_solution2_wtd_subRun3        1
post_model_solution2_wtd_subRun4        1
post_model_solution3_hds_subRun1        1
post_model_solution3_hds_subRun2        1
post_model_solution3_hds_subRun3        1
post_model_solution3_hds_subRun4        1
post_model_solution3_wtd_subRun1        1
post_model_solution3_wtd_subRun2        1
post_model_solution3_wtd_subRun3        1
post_model_solution3_wtd_subRun4        1
post_model_solution4_hds_subRun1        1
post_model_solution4_hds_subRun2        1
post_model_solution4_hds_subRun3        1
post_model_solution4_hds_subRun4        1
post_model_solution4_wtd_subRun1        1
post_model_solution4_wtd_subRun2        1
post_model_solution4_wtd_subRun3        1
post_model_solution4_wtd_subRun4        1
run_model_solution1_subRun2             1
run_model_solution1_subRun3             1
run_model_solution1_subRun4             1
run_model_solution2_subRun2             1
run_model_solution2_subRun3             1
run_model_solution2_subRun4             1
run_model_solution3_subRun2             1
run_model_solution3_subRun3             1
run_model_solution3_subRun4             1
run_model_solution4_subRun2             1
run_model_solution4_subRun3             1
run_model_solution4_subRun4             1
write_models_solution1_subRun3          1
write_models_solution1_subRun4          1
write_models_solution2_subRun3          1
write_models_solution2_subRun4          1
write_models_solution3_subRun3          1
write_models_solution3_subRun4          1
write_models_solution4_subRun3          1
write_models_solution4_subRun4          1
total                                  56

Select jobs to execute...
Execute 17 jobs...

[Tue Jan 14 12:28:44 2025]
localrule modify_ini_conditions_subRun2:
    input: /projects/prjs1222/globgm_output/historical_with_pump/gswp3-w5e5/slurm_logs/2_write_model_input/done_write_models_solution1_subRun2, /projects/prjs1222/globgm_output/historical_with_pump/gswp3-w5e5/slurm_logs/2_write_model_input/done_write_models_solution2_subRun2, /projects/prjs1222/globgm_output/historical_with_pump/gswp3-w5e5/slurm_logs/2_write_model_input/done_write_models_solution3_subRun2, /projects/prjs1222/globgm_output/historical_with_pump/gswp3-w5e5/slurm_logs/2_write_model_input/done_write_models_solution4_subRun2, /projects/prjs1222/globgm_output/historical_with_pump/gswp3-w5e5/slurm_logs/3_run_model/done_run_model_solution1_subRun1, /projects/prjs1222/globgm_output/historical_with_pump/gswp3-w5e5/slurm_logs/3_run_model/done_run_model_solution2_subRun1, /projects/prjs1222/globgm_output/historical_with_pump/gswp3-w5e5/slurm_logs/3_run_model/done_run_model_solution3_subRun1, /projects/prjs1222/globgm_output/historical_with_pump/gswp3-w5e5/slurm_logs/3_run_model/done_run_model_solution4_subRun1
    output: /projects/prjs1222/globgm_output/historical_with_pump/gswp3-w5e5/slurm_logs/2_write_model_input/done_modify_ini_conditions_subRun2
    jobid: 23
    reason: Code has changed since last execution
    resources: mem_mb=1000, mem_mib=954, disk_mb=1000, disk_mib=954, tmpdir=/scratch-local/barrygwt.9393451, slurm_account=uus2024031


[Tue Jan 14 12:28:44 2025]
rule write_models_solution1_subRun3:
    input: /projects/prjs1222/globgm_output/historical_with_pump/gswp3-w5e5/slurm_logs/2_write_model_input/done_setup_3
    output: /projects/prjs1222/globgm_output/historical_with_pump/gswp3-w5e5/slurm_logs/2_write_model_input/done_write_models_solution1_subRun3
    jobid: 17
    reason: Missing output files: /projects/prjs1222/globgm_output/historical_with_pump/gswp3-w5e5/slurm_logs/2_write_model_input/done_write_models_solution1_subRun3
    resources: mem_mb=1440000, mem_mib=1373292, disk_mb=1000, disk_mib=954, tmpdir=<TBD>, slurm_account=uus2024031, slurm_partition=fat_genoa, runtime=1200, cpus_per_task=1, constraint=scratch-node, tasks=192, nodes=1, slurm_extra=--exclusive --output=/projects/prjs1222/globgm_output/historical_with_pump/gswp3-w5e5/slurm_logs/2_write_model_input/_writeModels/_write_models_solution1_subRun3.out, mpi=mpirun

Job 17 has been submitted with SLURM jobid 9393467 (log: /gpfs/work4/0/prjs1222/GLOBGM/run_simulation/model_job_scripts/.snakemake/slurm_logs/rule_write_models_solution1_subRun3/9393467.log).

[Tue Jan 14 12:28:45 2025]
rule post_model_solution3_hds_subRun1:
    input: /projects/prjs1222/globgm_output/historical_with_pump/gswp3-w5e5/slurm_logs/3_run_model/done_run_model_solution3_subRun1
    output: /projects/prjs1222/globgm_output/historical_with_pump/gswp3-w5e5/slurm_logs/4_post-processing/done_post_model_solution3_hds_subRun1
    jobid: 76
    reason: Missing output files: /projects/prjs1222/globgm_output/historical_with_pump/gswp3-w5e5/slurm_logs/4_post-processing/done_post_model_solution3_hds_subRun1; Code has changed since last execution
    resources: mem_mb=28000, mem_mib=26703, disk_mb=1000, disk_mib=954, tmpdir=<TBD>, slurm_account=uus2024031, slurm_partition=genoa, nodes=1, runtime=7140, constraint=scratch-node, tasks=16, cpus_per_task=1, slurm_extra= --output=/projects/prjs1222/globgm_output/historical_with_pump/gswp3-w5e5/slurm_logs/4_post-processing/_post_model_solution3_hds_subRun1.out

Job 76 has been submitted with SLURM jobid 9393468 (log: /gpfs/work4/0/prjs1222/GLOBGM/run_simulation/model_job_scripts/.snakemake/slurm_logs/rule_post_model_solution3_hds_subRun1/9393468.log).

[Tue Jan 14 12:28:45 2025]
rule write_models_solution4_subRun3:
    input: /projects/prjs1222/globgm_output/historical_with_pump/gswp3-w5e5/slurm_logs/2_write_model_input/done_setup_3
    output: /projects/prjs1222/globgm_output/historical_with_pump/gswp3-w5e5/slurm_logs/2_write_model_input/done_write_models_solution4_subRun3
    jobid: 21
    reason: Missing output files: /projects/prjs1222/globgm_output/historical_with_pump/gswp3-w5e5/slurm_logs/2_write_model_input/done_write_models_solution4_subRun3
    resources: mem_mb=1440000, mem_mib=1373292, disk_mb=1000, disk_mib=954, tmpdir=<TBD>, slurm_account=uus2024031, slurm_partition=fat_genoa, runtime=1200, cpus_per_task=1, constraint=scratch-node, tasks=192, nodes=1, slurm_extra=--exclusive --output=/projects/prjs1222/globgm_output/historical_with_pump/gswp3-w5e5/slurm_logs/2_write_model_input/_writeModels/_write_models_solution4_subRun3.out, mpi=mpirun

Job 21 has been submitted with SLURM jobid 9393469 (log: /gpfs/work4/0/prjs1222/GLOBGM/run_simulation/model_job_scripts/.snakemake/slurm_logs/rule_write_models_solution4_subRun3/9393469.log).

[Tue Jan 14 12:28:45 2025]
rule post_model_solution1_wtd_subRun1:
    input: /projects/prjs1222/globgm_output/historical_with_pump/gswp3-w5e5/slurm_logs/3_run_model/done_run_model_solution1_subRun1
    output: /projects/prjs1222/globgm_output/historical_with_pump/gswp3-w5e5/slurm_logs/4_post-processing/done_post_model_solution1_wtd_subRun1
    jobid: 72
    reason: Missing output files: /projects/prjs1222/globgm_output/historical_with_pump/gswp3-w5e5/slurm_logs/4_post-processing/done_post_model_solution1_wtd_subRun1; Code has changed since last execution
    resources: mem_mb=56000, mem_mib=53406, disk_mb=1000, disk_mib=954, tmpdir=<TBD>, slurm_account=uus2024031, slurm_partition=genoa, nodes=1, runtime=7140, constraint=scratch-node, tasks=32, cpus_per_task=1, slurm_extra= --output=/projects/prjs1222/globgm_output/historical_with_pump/gswp3-w5e5/slurm_logs/4_post-processing/_post_model_solution1_wtd_subRun1.out

Job 72 has been submitted with SLURM jobid 9393472 (log: /gpfs/work4/0/prjs1222/GLOBGM/run_simulation/model_job_scripts/.snakemake/slurm_logs/rule_post_model_solution1_wtd_subRun1/9393472.log).

[Tue Jan 14 12:28:46 2025]
rule write_models_solution2_subRun4:
    input: /projects/prjs1222/globgm_output/historical_with_pump/gswp3-w5e5/slurm_logs/2_write_model_input/done_setup_4
    output: /projects/prjs1222/globgm_output/historical_with_pump/gswp3-w5e5/slurm_logs/2_write_model_input/done_write_models_solution2_subRun4
    jobid: 12
    reason: Missing output files: /projects/prjs1222/globgm_output/historical_with_pump/gswp3-w5e5/slurm_logs/2_write_model_input/done_write_models_solution2_subRun4
    resources: mem_mb=1440000, mem_mib=1373292, disk_mb=1000, disk_mib=954, tmpdir=<TBD>, slurm_account=uus2024031, slurm_partition=fat_genoa, runtime=1200, cpus_per_task=1, constraint=scratch-node, tasks=192, nodes=1, slurm_extra=--exclusive --output=/projects/prjs1222/globgm_output/historical_with_pump/gswp3-w5e5/slurm_logs/2_write_model_input/_writeModels/_write_models_solution2_subRun4.out, mpi=mpirun

Job 12 has been submitted with SLURM jobid 9393473 (log: /gpfs/work4/0/prjs1222/GLOBGM/run_simulation/model_job_scripts/.snakemake/slurm_logs/rule_write_models_solution2_subRun4/9393473.log).

[Tue Jan 14 12:28:46 2025]
rule post_model_solution3_wtd_subRun1:
    input: /projects/prjs1222/globgm_output/historical_with_pump/gswp3-w5e5/slurm_logs/3_run_model/done_run_model_solution3_subRun1
    output: /projects/prjs1222/globgm_output/historical_with_pump/gswp3-w5e5/slurm_logs/4_post-processing/done_post_model_solution3_wtd_subRun1
    jobid: 75
    reason: Missing output files: /projects/prjs1222/globgm_output/historical_with_pump/gswp3-w5e5/slurm_logs/4_post-processing/done_post_model_solution3_wtd_subRun1; Code has changed since last execution
    resources: mem_mb=28000, mem_mib=26703, disk_mb=1000, disk_mib=954, tmpdir=<TBD>, slurm_account=uus2024031, slurm_partition=genoa, nodes=1, runtime=7140, constraint=scratch-node, tasks=16, cpus_per_task=1, slurm_extra= --output=/projects/prjs1222/globgm_output/historical_with_pump/gswp3-w5e5/slurm_logs/4_post-processing/_post_model_solution3_wtd_subRun1.out

Job 75 has been submitted with SLURM jobid 9393474 (log: /gpfs/work4/0/prjs1222/GLOBGM/run_simulation/model_job_scripts/.snakemake/slurm_logs/rule_post_model_solution3_wtd_subRun1/9393474.log).

[Tue Jan 14 12:28:46 2025]
rule post_model_solution1_hds_subRun1:
    input: /projects/prjs1222/globgm_output/historical_with_pump/gswp3-w5e5/slurm_logs/3_run_model/done_run_model_solution1_subRun1
    output: /projects/prjs1222/globgm_output/historical_with_pump/gswp3-w5e5/slurm_logs/4_post-processing/done_post_model_solution1_hds_subRun1
    jobid: 71
    reason: Missing output files: /projects/prjs1222/globgm_output/historical_with_pump/gswp3-w5e5/slurm_logs/4_post-processing/done_post_model_solution1_hds_subRun1; Code has changed since last execution
    resources: mem_mb=56000, mem_mib=53406, disk_mb=1000, disk_mib=954, tmpdir=<TBD>, slurm_account=uus2024031, slurm_partition=genoa, nodes=1, runtime=7140, constraint=scratch-node, tasks=32, cpus_per_task=1, slurm_extra= --output=/projects/prjs1222/globgm_output/historical_with_pump/gswp3-w5e5/slurm_logs/4_post-processing/_post_model_solution1_hds_subRun1.out

Job 71 has been submitted with SLURM jobid 9393475 (log: /gpfs/work4/0/prjs1222/GLOBGM/run_simulation/model_job_scripts/.snakemake/slurm_logs/rule_post_model_solution1_hds_subRun1/9393475.log).

[Tue Jan 14 12:28:47 2025]
rule write_models_solution3_subRun3:
    input: /projects/prjs1222/globgm_output/historical_with_pump/gswp3-w5e5/slurm_logs/2_write_model_input/done_setup_3
    output: /projects/prjs1222/globgm_output/historical_with_pump/gswp3-w5e5/slurm_logs/2_write_model_input/done_write_models_solution3_subRun3
    jobid: 20
    reason: Missing output files: /projects/prjs1222/globgm_output/historical_with_pump/gswp3-w5e5/slurm_logs/2_write_model_input/done_write_models_solution3_subRun3
    resources: mem_mb=1440000, mem_mib=1373292, disk_mb=1000, disk_mib=954, tmpdir=<TBD>, slurm_account=uus2024031, slurm_partition=fat_genoa, runtime=1200, cpus_per_task=1, constraint=scratch-node, tasks=192, nodes=1, slurm_extra=--exclusive --output=/projects/prjs1222/globgm_output/historical_with_pump/gswp3-w5e5/slurm_logs/2_write_model_input/_writeModels/_write_models_solution3_subRun3.out, mpi=mpirun

Job 20 has been submitted with SLURM jobid 9393476 (log: /gpfs/work4/0/prjs1222/GLOBGM/run_simulation/model_job_scripts/.snakemake/slurm_logs/rule_write_models_solution3_subRun3/9393476.log).

[Tue Jan 14 12:28:47 2025]
rule write_models_solution1_subRun4:
    input: /projects/prjs1222/globgm_output/historical_with_pump/gswp3-w5e5/slurm_logs/2_write_model_input/done_setup_4
    output: /projects/prjs1222/globgm_output/historical_with_pump/gswp3-w5e5/slurm_logs/2_write_model_input/done_write_models_solution1_subRun4
    jobid: 4
    reason: Missing output files: /projects/prjs1222/globgm_output/historical_with_pump/gswp3-w5e5/slurm_logs/2_write_model_input/done_write_models_solution1_subRun4
    resources: mem_mb=1440000, mem_mib=1373292, disk_mb=1000, disk_mib=954, tmpdir=<TBD>, slurm_account=uus2024031, slurm_partition=fat_genoa, runtime=1200, cpus_per_task=1, constraint=scratch-node, tasks=192, nodes=1, slurm_extra=--exclusive --output=/projects/prjs1222/globgm_output/historical_with_pump/gswp3-w5e5/slurm_logs/2_write_model_input/_writeModels/_write_models_solution1_subRun4.out, mpi=mpirun

Job 4 has been submitted with SLURM jobid 9393477 (log: /gpfs/work4/0/prjs1222/GLOBGM/run_simulation/model_job_scripts/.snakemake/slurm_logs/rule_write_models_solution1_subRun4/9393477.log).

[Tue Jan 14 12:28:47 2025]
rule post_model_solution4_hds_subRun1:
    input: /projects/prjs1222/globgm_output/historical_with_pump/gswp3-w5e5/slurm_logs/3_run_model/done_run_model_solution4_subRun1
    output: /projects/prjs1222/globgm_output/historical_with_pump/gswp3-w5e5/slurm_logs/4_post-processing/done_post_model_solution4_hds_subRun1
    jobid: 78
    reason: Missing output files: /projects/prjs1222/globgm_output/historical_with_pump/gswp3-w5e5/slurm_logs/4_post-processing/done_post_model_solution4_hds_subRun1
    resources: mem_mb=28000, mem_mib=26703, disk_mb=1000, disk_mib=954, tmpdir=<TBD>, slurm_account=uus2024031, slurm_partition=genoa, nodes=1, runtime=7140, constraint=scratch-node, tasks=16, cpus_per_task=1, slurm_extra= --output=/projects/prjs1222/globgm_output/historical_with_pump/gswp3-w5e5/slurm_logs/4_post-processing/_post_model_solution4_hds_subRun1.out

Job 78 has been submitted with SLURM jobid 9393478 (log: /gpfs/work4/0/prjs1222/GLOBGM/run_simulation/model_job_scripts/.snakemake/slurm_logs/rule_post_model_solution4_hds_subRun1/9393478.log).

[Tue Jan 14 12:28:47 2025]
rule post_model_solution2_hds_subRun1:
    input: /projects/prjs1222/globgm_output/historical_with_pump/gswp3-w5e5/slurm_logs/3_run_model/done_run_model_solution2_subRun1
    output: /projects/prjs1222/globgm_output/historical_with_pump/gswp3-w5e5/slurm_logs/4_post-processing/done_post_model_solution2_hds_subRun1
    jobid: 74
    reason: Missing output files: /projects/prjs1222/globgm_output/historical_with_pump/gswp3-w5e5/slurm_logs/4_post-processing/done_post_model_solution2_hds_subRun1; Code has changed since last execution
    resources: mem_mb=28000, mem_mib=26703, disk_mb=1000, disk_mib=954, tmpdir=<TBD>, slurm_account=uus2024031, slurm_partition=genoa, nodes=1, runtime=7140, constraint=scratch-node, tasks=16, cpus_per_task=1, slurm_extra= --output=/projects/prjs1222/globgm_output/historical_with_pump/gswp3-w5e5/slurm_logs/4_post-processing/_post_model_solution2_hds_subRun1.out

Job 74 has been submitted with SLURM jobid 9393479 (log: /gpfs/work4/0/prjs1222/GLOBGM/run_simulation/model_job_scripts/.snakemake/slurm_logs/rule_post_model_solution2_hds_subRun1/9393479.log).

[Tue Jan 14 12:28:48 2025]
rule write_models_solution4_subRun4:
    input: /projects/prjs1222/globgm_output/historical_with_pump/gswp3-w5e5/slurm_logs/2_write_model_input/done_setup_4
    output: /projects/prjs1222/globgm_output/historical_with_pump/gswp3-w5e5/slurm_logs/2_write_model_input/done_write_models_solution4_subRun4
    jobid: 14
    reason: Missing output files: /projects/prjs1222/globgm_output/historical_with_pump/gswp3-w5e5/slurm_logs/2_write_model_input/done_write_models_solution4_subRun4
    resources: mem_mb=1440000, mem_mib=1373292, disk_mb=1000, disk_mib=954, tmpdir=<TBD>, slurm_account=uus2024031, slurm_partition=fat_genoa, runtime=1200, cpus_per_task=1, constraint=scratch-node, tasks=192, nodes=1, slurm_extra=--exclusive --output=/projects/prjs1222/globgm_output/historical_with_pump/gswp3-w5e5/slurm_logs/2_write_model_input/_writeModels/_write_models_solution4_subRun4.out, mpi=mpirun

Job 14 has been submitted with SLURM jobid 9393480 (log: /gpfs/work4/0/prjs1222/GLOBGM/run_simulation/model_job_scripts/.snakemake/slurm_logs/rule_write_models_solution4_subRun4/9393480.log).

[Tue Jan 14 12:28:48 2025]
rule write_models_solution2_subRun3:
    input: /projects/prjs1222/globgm_output/historical_with_pump/gswp3-w5e5/slurm_logs/2_write_model_input/done_setup_3
    output: /projects/prjs1222/globgm_output/historical_with_pump/gswp3-w5e5/slurm_logs/2_write_model_input/done_write_models_solution2_subRun3
    jobid: 19
    reason: Missing output files: /projects/prjs1222/globgm_output/historical_with_pump/gswp3-w5e5/slurm_logs/2_write_model_input/done_write_models_solution2_subRun3
    resources: mem_mb=1440000, mem_mib=1373292, disk_mb=1000, disk_mib=954, tmpdir=<TBD>, slurm_account=uus2024031, slurm_partition=fat_genoa, runtime=1200, cpus_per_task=1, constraint=scratch-node, tasks=192, nodes=1, slurm_extra=--exclusive --output=/projects/prjs1222/globgm_output/historical_with_pump/gswp3-w5e5/slurm_logs/2_write_model_input/_writeModels/_write_models_solution2_subRun3.out, mpi=mpirun

Job 19 has been submitted with SLURM jobid 9393481 (log: /gpfs/work4/0/prjs1222/GLOBGM/run_simulation/model_job_scripts/.snakemake/slurm_logs/rule_write_models_solution2_subRun3/9393481.log).

[Tue Jan 14 12:28:48 2025]
rule post_model_solution4_wtd_subRun1:
    input: /projects/prjs1222/globgm_output/historical_with_pump/gswp3-w5e5/slurm_logs/3_run_model/done_run_model_solution4_subRun1
    output: /projects/prjs1222/globgm_output/historical_with_pump/gswp3-w5e5/slurm_logs/4_post-processing/done_post_model_solution4_wtd_subRun1
    jobid: 77
    reason: Missing output files: /projects/prjs1222/globgm_output/historical_with_pump/gswp3-w5e5/slurm_logs/4_post-processing/done_post_model_solution4_wtd_subRun1
    resources: mem_mb=28000, mem_mib=26703, disk_mb=1000, disk_mib=954, tmpdir=<TBD>, slurm_account=uus2024031, slurm_partition=genoa, nodes=1, runtime=7140, constraint=scratch-node, tasks=16, cpus_per_task=1, slurm_extra= --output=/projects/prjs1222/globgm_output/historical_with_pump/gswp3-w5e5/slurm_logs/4_post-processing/_post_model_solution4_wtd_subRun1.out

Job 77 has been submitted with SLURM jobid 9393482 (log: /gpfs/work4/0/prjs1222/GLOBGM/run_simulation/model_job_scripts/.snakemake/slurm_logs/rule_post_model_solution4_wtd_subRun1/9393482.log).

[Tue Jan 14 12:28:48 2025]
rule post_model_solution2_wtd_subRun1:
    input: /projects/prjs1222/globgm_output/historical_with_pump/gswp3-w5e5/slurm_logs/3_run_model/done_run_model_solution2_subRun1
    output: /projects/prjs1222/globgm_output/historical_with_pump/gswp3-w5e5/slurm_logs/4_post-processing/done_post_model_solution2_wtd_subRun1
    jobid: 73
    reason: Missing output files: /projects/prjs1222/globgm_output/historical_with_pump/gswp3-w5e5/slurm_logs/4_post-processing/done_post_model_solution2_wtd_subRun1; Code has changed since last execution
    resources: mem_mb=28000, mem_mib=26703, disk_mb=1000, disk_mib=954, tmpdir=<TBD>, slurm_account=uus2024031, slurm_partition=genoa, nodes=1, runtime=7140, constraint=scratch-node, tasks=16, cpus_per_task=1, slurm_extra= --output=/projects/prjs1222/globgm_output/historical_with_pump/gswp3-w5e5/slurm_logs/4_post-processing/_post_model_solution2_wtd_subRun1.out

Job 73 has been submitted with SLURM jobid 9393483 (log: /gpfs/work4/0/prjs1222/GLOBGM/run_simulation/model_job_scripts/.snakemake/slurm_logs/rule_post_model_solution2_wtd_subRun1/9393483.log).

[Tue Jan 14 12:28:48 2025]
rule write_models_solution3_subRun4:
    input: /projects/prjs1222/globgm_output/historical_with_pump/gswp3-w5e5/slurm_logs/2_write_model_input/done_setup_4
    output: /projects/prjs1222/globgm_output/historical_with_pump/gswp3-w5e5/slurm_logs/2_write_model_input/done_write_models_solution3_subRun4
    jobid: 13
    reason: Missing output files: /projects/prjs1222/globgm_output/historical_with_pump/gswp3-w5e5/slurm_logs/2_write_model_input/done_write_models_solution3_subRun4
    resources: mem_mb=1440000, mem_mib=1373292, disk_mb=1000, disk_mib=954, tmpdir=<TBD>, slurm_account=uus2024031, slurm_partition=fat_genoa, runtime=1200, cpus_per_task=1, constraint=scratch-node, tasks=192, nodes=1, slurm_extra=--exclusive --output=/projects/prjs1222/globgm_output/historical_with_pump/gswp3-w5e5/slurm_logs/2_write_model_input/_writeModels/_write_models_solution3_subRun4.out, mpi=mpirun

Job 13 has been submitted with SLURM jobid 9393484 (log: /gpfs/work4/0/prjs1222/GLOBGM/run_simulation/model_job_scripts/.snakemake/slurm_logs/rule_write_models_solution3_subRun4/9393484.log).
[Tue Jan 14 12:32:28 2025]
Finished job 23.
1 of 56 steps (2%) done
Select jobs to execute...
Execute 4 jobs...

[Tue Jan 14 12:32:28 2025]
rule run_model_solution3_subRun2:
    input: /projects/prjs1222/globgm_output/historical_with_pump/gswp3-w5e5/slurm_logs/2_write_model_input/done_modify_ini_conditions_subRun2
    output: /projects/prjs1222/globgm_output/historical_with_pump/gswp3-w5e5/slurm_logs/3_run_model/done_run_model_solution3_subRun2
    jobid: 40
    reason: Input files updated by another job: /projects/prjs1222/globgm_output/historical_with_pump/gswp3-w5e5/slurm_logs/2_write_model_input/done_modify_ini_conditions_subRun2
    resources: mem_mb=336000, mem_mib=320435, disk_mb=1000, disk_mib=954, tmpdir=<TBD>, slurm_account=uus2024031, slurm_partition=genoa, nodes=1, runtime=300, tasks=32, cpus_per_task=1, mpi=srun, slurm_extra=--exclusive --ntasks-per-node=32 --gres=cpu:1 --output=/projects/prjs1222/globgm_output/historical_with_pump/gswp3-w5e5/slurm_logs/3_run_model/_run_model_solution3_subRun2.out

Job 40 has been submitted with SLURM jobid 9393584 (log: /gpfs/work4/0/prjs1222/GLOBGM/run_simulation/model_job_scripts/.snakemake/slurm_logs/rule_run_model_solution3_subRun2/9393584.log).

[Tue Jan 14 12:32:28 2025]
rule run_model_solution2_subRun2:
    input: /projects/prjs1222/globgm_output/historical_with_pump/gswp3-w5e5/slurm_logs/2_write_model_input/done_modify_ini_conditions_subRun2
    output: /projects/prjs1222/globgm_output/historical_with_pump/gswp3-w5e5/slurm_logs/3_run_model/done_run_model_solution2_subRun2
    jobid: 39
    reason: Input files updated by another job: /projects/prjs1222/globgm_output/historical_with_pump/gswp3-w5e5/slurm_logs/2_write_model_input/done_modify_ini_conditions_subRun2
    resources: mem_mb=336000, mem_mib=320435, disk_mb=1000, disk_mib=954, tmpdir=<TBD>, slurm_account=uus2024031, slurm_partition=genoa, nodes=3, runtime=300, tasks=96, cpus_per_task=1, mpi=srun, slurm_extra=--exclusive --ntasks-per-node=32 --gres=cpu:1 --output=/projects/prjs1222/globgm_output/historical_with_pump/gswp3-w5e5/slurm_logs/3_run_model/_run_model_solution2_subRun2.out

Job 39 has been submitted with SLURM jobid 9393585 (log: /gpfs/work4/0/prjs1222/GLOBGM/run_simulation/model_job_scripts/.snakemake/slurm_logs/rule_run_model_solution2_subRun2/9393585.log).

[Tue Jan 14 12:32:28 2025]
rule run_model_solution1_subRun2:
    input: /projects/prjs1222/globgm_output/historical_with_pump/gswp3-w5e5/slurm_logs/2_write_model_input/done_modify_ini_conditions_subRun2
    output: /projects/prjs1222/globgm_output/historical_with_pump/gswp3-w5e5/slurm_logs/3_run_model/done_run_model_solution1_subRun2
    jobid: 22
    reason: Input files updated by another job: /projects/prjs1222/globgm_output/historical_with_pump/gswp3-w5e5/slurm_logs/2_write_model_input/done_modify_ini_conditions_subRun2
    resources: mem_mb=336000, mem_mib=320435, disk_mb=1000, disk_mib=954, tmpdir=<TBD>, slurm_account=uus2024031, slurm_partition=genoa, nodes=7, runtime=300, tasks=224, cpus_per_task=1, mpi=srun, slurm_extra=--exclusive --ntasks-per-node=32 --gres=cpu:1 --output=/projects/prjs1222/globgm_output/historical_with_pump/gswp3-w5e5/slurm_logs/3_run_model/_run_model_solution1_subRun2.out

Job 22 has been submitted with SLURM jobid 9393587 (log: /gpfs/work4/0/prjs1222/GLOBGM/run_simulation/model_job_scripts/.snakemake/slurm_logs/rule_run_model_solution1_subRun2/9393587.log).

[Tue Jan 14 12:32:29 2025]
rule run_model_solution4_subRun2:
    input: /projects/prjs1222/globgm_output/historical_with_pump/gswp3-w5e5/slurm_logs/2_write_model_input/done_modify_ini_conditions_subRun2
    output: /projects/prjs1222/globgm_output/historical_with_pump/gswp3-w5e5/slurm_logs/3_run_model/done_run_model_solution4_subRun2
    jobid: 41
    reason: Input files updated by another job: /projects/prjs1222/globgm_output/historical_with_pump/gswp3-w5e5/slurm_logs/2_write_model_input/done_modify_ini_conditions_subRun2
    resources: mem_mb=336000, mem_mib=320435, disk_mb=1000, disk_mib=954, tmpdir=<TBD>, slurm_account=uus2024031, slurm_partition=genoa, nodes=1, runtime=300, tasks=32, cpus_per_task=1, mpi=srun, slurm_extra=--exclusive --ntasks-per-node=32 --gres=cpu:1 --output=/projects/prjs1222/globgm_output/historical_with_pump/gswp3-w5e5/slurm_logs/3_run_model/_run_model_solution4_subRun2.out

Job 41 has been submitted with SLURM jobid 9393588 (log: /gpfs/work4/0/prjs1222/GLOBGM/run_simulation/model_job_scripts/.snakemake/slurm_logs/rule_run_model_solution4_subRun2/9393588.log).
[Tue Jan 14 12:42:10 2025]
Finished job 76.
2 of 56 steps (4%) done
[Tue Jan 14 12:42:10 2025]
Finished job 75.
3 of 56 steps (5%) done
[Tue Jan 14 14:01:44 2025]
Finished job 73.
4 of 56 steps (7%) done
[Tue Jan 14 14:01:44 2025]
Finished job 13.
5 of 56 steps (9%) done
[Tue Jan 14 14:04:14 2025]
Finished job 12.
6 of 56 steps (11%) done
[Tue Jan 14 14:04:24 2025]
Finished job 14.
7 of 56 steps (12%) done
[Tue Jan 14 14:04:54 2025]
Finished job 4.
8 of 56 steps (14%) done
[Tue Jan 14 14:06:34 2025]
Finished job 74.
9 of 56 steps (16%) done
[Tue Jan 14 14:14:05 2025]
Finished job 40.
10 of 56 steps (18%) done
Select jobs to execute...
Execute 2 jobs...

[Tue Jan 14 14:14:05 2025]
rule post_model_solution3_wtd_subRun2:
    input: /projects/prjs1222/globgm_output/historical_with_pump/gswp3-w5e5/slurm_logs/3_run_model/done_run_model_solution3_subRun2
    output: /projects/prjs1222/globgm_output/historical_with_pump/gswp3-w5e5/slurm_logs/4_post-processing/done_post_model_solution3_wtd_subRun2
    jobid: 67
    reason: Missing output files: /projects/prjs1222/globgm_output/historical_with_pump/gswp3-w5e5/slurm_logs/4_post-processing/done_post_model_solution3_wtd_subRun2; Input files updated by another job: /projects/prjs1222/globgm_output/historical_with_pump/gswp3-w5e5/slurm_logs/3_run_model/done_run_model_solution3_subRun2
    resources: mem_mb=28000, mem_mib=26703, disk_mb=1000, disk_mib=954, tmpdir=<TBD>, slurm_account=uus2024031, slurm_partition=genoa, nodes=1, runtime=7140, constraint=scratch-node, tasks=16, cpus_per_task=1, slurm_extra= --output=/projects/prjs1222/globgm_output/historical_with_pump/gswp3-w5e5/slurm_logs/4_post-processing/_post_model_solution3_wtd_subRun2.out

Job 67 has been submitted with SLURM jobid 9395375 (log: /gpfs/work4/0/prjs1222/GLOBGM/run_simulation/model_job_scripts/.snakemake/slurm_logs/rule_post_model_solution3_wtd_subRun2/9395375.log).

[Tue Jan 14 14:14:05 2025]
rule post_model_solution3_hds_subRun2:
    input: /projects/prjs1222/globgm_output/historical_with_pump/gswp3-w5e5/slurm_logs/3_run_model/done_run_model_solution3_subRun2
    output: /projects/prjs1222/globgm_output/historical_with_pump/gswp3-w5e5/slurm_logs/4_post-processing/done_post_model_solution3_hds_subRun2
    jobid: 68
    reason: Missing output files: /projects/prjs1222/globgm_output/historical_with_pump/gswp3-w5e5/slurm_logs/4_post-processing/done_post_model_solution3_hds_subRun2; Input files updated by another job: /projects/prjs1222/globgm_output/historical_with_pump/gswp3-w5e5/slurm_logs/3_run_model/done_run_model_solution3_subRun2
    resources: mem_mb=28000, mem_mib=26703, disk_mb=1000, disk_mib=954, tmpdir=<TBD>, slurm_account=uus2024031, slurm_partition=genoa, nodes=1, runtime=7140, constraint=scratch-node, tasks=16, cpus_per_task=1, slurm_extra= --output=/projects/prjs1222/globgm_output/historical_with_pump/gswp3-w5e5/slurm_logs/4_post-processing/_post_model_solution3_hds_subRun2.out

Job 68 has been submitted with SLURM jobid 9395377 (log: /gpfs/work4/0/prjs1222/GLOBGM/run_simulation/model_job_scripts/.snakemake/slurm_logs/rule_post_model_solution3_hds_subRun2/9395377.log).
[Tue Jan 14 14:14:06 2025]
Finished job 41.
11 of 56 steps (20%) done
Select jobs to execute...
Execute 2 jobs...

[Tue Jan 14 14:14:06 2025]
rule post_model_solution4_hds_subRun2:
    input: /projects/prjs1222/globgm_output/historical_with_pump/gswp3-w5e5/slurm_logs/3_run_model/done_run_model_solution4_subRun2
    output: /projects/prjs1222/globgm_output/historical_with_pump/gswp3-w5e5/slurm_logs/4_post-processing/done_post_model_solution4_hds_subRun2
    jobid: 70
    reason: Missing output files: /projects/prjs1222/globgm_output/historical_with_pump/gswp3-w5e5/slurm_logs/4_post-processing/done_post_model_solution4_hds_subRun2; Input files updated by another job: /projects/prjs1222/globgm_output/historical_with_pump/gswp3-w5e5/slurm_logs/3_run_model/done_run_model_solution4_subRun2
    resources: mem_mb=56000, mem_mib=53406, disk_mb=1000, disk_mib=954, tmpdir=<TBD>, slurm_account=uus2024031, slurm_partition=genoa, nodes=1, runtime=7140, constraint=scratch-node, tasks=32, cpus_per_task=1, slurm_extra= --output=/projects/prjs1222/globgm_output/historical_with_pump/gswp3-w5e5/slurm_logs/4_post-processing/_post_model_solution4_hds_subRun2.out

Job 70 has been submitted with SLURM jobid 9395378 (log: /gpfs/work4/0/prjs1222/GLOBGM/run_simulation/model_job_scripts/.snakemake/slurm_logs/rule_post_model_solution4_hds_subRun2/9395378.log).

[Tue Jan 14 14:14:06 2025]
rule post_model_solution4_wtd_subRun2:
    input: /projects/prjs1222/globgm_output/historical_with_pump/gswp3-w5e5/slurm_logs/3_run_model/done_run_model_solution4_subRun2
    output: /projects/prjs1222/globgm_output/historical_with_pump/gswp3-w5e5/slurm_logs/4_post-processing/done_post_model_solution4_wtd_subRun2
    jobid: 69
    reason: Missing output files: /projects/prjs1222/globgm_output/historical_with_pump/gswp3-w5e5/slurm_logs/4_post-processing/done_post_model_solution4_wtd_subRun2; Input files updated by another job: /projects/prjs1222/globgm_output/historical_with_pump/gswp3-w5e5/slurm_logs/3_run_model/done_run_model_solution4_subRun2
    resources: mem_mb=56000, mem_mib=53406, disk_mb=1000, disk_mib=954, tmpdir=<TBD>, slurm_account=uus2024031, slurm_partition=genoa, nodes=1, runtime=7140, constraint=scratch-node, tasks=32, cpus_per_task=1, slurm_extra= --output=/projects/prjs1222/globgm_output/historical_with_pump/gswp3-w5e5/slurm_logs/4_post-processing/_post_model_solution4_wtd_subRun2.out

Job 69 has been submitted with SLURM jobid 9395379 (log: /gpfs/work4/0/prjs1222/GLOBGM/run_simulation/model_job_scripts/.snakemake/slurm_logs/rule_post_model_solution4_wtd_subRun2/9395379.log).
[Tue Jan 14 14:16:35 2025]
Finished job 20.
12 of 56 steps (21%) done
[Tue Jan 14 14:25:46 2025]
Finished job 19.
13 of 56 steps (23%) done
[Tue Jan 14 14:26:46 2025]
Finished job 67.
14 of 56 steps (25%) done
[Tue Jan 14 14:27:16 2025]
Finished job 68.
15 of 56 steps (27%) done
[Tue Jan 14 14:30:47 2025]
Finished job 17.
16 of 56 steps (29%) done
[Tue Jan 14 14:30:47 2025]
Finished job 21.
17 of 56 steps (30%) done
[Tue Jan 14 15:02:18 2025]
Finished job 72.
18 of 56 steps (32%) done
[Tue Jan 14 15:02:19 2025]
Finished job 71.
19 of 56 steps (34%) done
[Tue Jan 14 15:27:50 2025]
Finished job 22.
20 of 56 steps (36%) done
Select jobs to execute...
Execute 2 jobs...

[Tue Jan 14 15:27:50 2025]
rule post_model_solution1_hds_subRun2:
    input: /projects/prjs1222/globgm_output/historical_with_pump/gswp3-w5e5/slurm_logs/3_run_model/done_run_model_solution1_subRun2
    output: /projects/prjs1222/globgm_output/historical_with_pump/gswp3-w5e5/slurm_logs/4_post-processing/done_post_model_solution1_hds_subRun2
    jobid: 63
    reason: Missing output files: /projects/prjs1222/globgm_output/historical_with_pump/gswp3-w5e5/slurm_logs/4_post-processing/done_post_model_solution1_hds_subRun2; Input files updated by another job: /projects/prjs1222/globgm_output/historical_with_pump/gswp3-w5e5/slurm_logs/3_run_model/done_run_model_solution1_subRun2
    resources: mem_mb=28000, mem_mib=26703, disk_mb=1000, disk_mib=954, tmpdir=<TBD>, slurm_account=uus2024031, slurm_partition=genoa, nodes=1, runtime=7140, constraint=scratch-node, tasks=16, cpus_per_task=1, slurm_extra= --output=/projects/prjs1222/globgm_output/historical_with_pump/gswp3-w5e5/slurm_logs/4_post-processing/_post_model_solution1_hds_subRun2.out

Job 63 has been submitted with SLURM jobid 9396953 (log: /gpfs/work4/0/prjs1222/GLOBGM/run_simulation/model_job_scripts/.snakemake/slurm_logs/rule_post_model_solution1_hds_subRun2/9396953.log).

[Tue Jan 14 15:27:50 2025]
rule post_model_solution1_wtd_subRun2:
    input: /projects/prjs1222/globgm_output/historical_with_pump/gswp3-w5e5/slurm_logs/3_run_model/done_run_model_solution1_subRun2
    output: /projects/prjs1222/globgm_output/historical_with_pump/gswp3-w5e5/slurm_logs/4_post-processing/done_post_model_solution1_wtd_subRun2
    jobid: 64
    reason: Missing output files: /projects/prjs1222/globgm_output/historical_with_pump/gswp3-w5e5/slurm_logs/4_post-processing/done_post_model_solution1_wtd_subRun2; Input files updated by another job: /projects/prjs1222/globgm_output/historical_with_pump/gswp3-w5e5/slurm_logs/3_run_model/done_run_model_solution1_subRun2
    resources: mem_mb=28000, mem_mib=26703, disk_mb=1000, disk_mib=954, tmpdir=<TBD>, slurm_account=uus2024031, slurm_partition=genoa, nodes=1, runtime=7140, constraint=scratch-node, tasks=16, cpus_per_task=1, slurm_extra= --output=/projects/prjs1222/globgm_output/historical_with_pump/gswp3-w5e5/slurm_logs/4_post-processing/_post_model_solution1_wtd_subRun2.out

Job 64 has been submitted with SLURM jobid 9396954 (log: /gpfs/work4/0/prjs1222/GLOBGM/run_simulation/model_job_scripts/.snakemake/slurm_logs/rule_post_model_solution1_wtd_subRun2/9396954.log).
[Tue Jan 14 15:28:50 2025]
Finished job 39.
21 of 56 steps (38%) done
Select jobs to execute...
Execute 3 jobs...

[Tue Jan 14 15:28:50 2025]
localrule modify_ini_conditions_subRun3:
    input: /projects/prjs1222/globgm_output/historical_with_pump/gswp3-w5e5/slurm_logs/2_write_model_input/done_write_models_solution1_subRun3, /projects/prjs1222/globgm_output/historical_with_pump/gswp3-w5e5/slurm_logs/2_write_model_input/done_write_models_solution2_subRun3, /projects/prjs1222/globgm_output/historical_with_pump/gswp3-w5e5/slurm_logs/2_write_model_input/done_write_models_solution3_subRun3, /projects/prjs1222/globgm_output/historical_with_pump/gswp3-w5e5/slurm_logs/2_write_model_input/done_write_models_solution4_subRun3, /projects/prjs1222/globgm_output/historical_with_pump/gswp3-w5e5/slurm_logs/3_run_model/done_run_model_solution1_subRun2, /projects/prjs1222/globgm_output/historical_with_pump/gswp3-w5e5/slurm_logs/3_run_model/done_run_model_solution2_subRun2, /projects/prjs1222/globgm_output/historical_with_pump/gswp3-w5e5/slurm_logs/3_run_model/done_run_model_solution3_subRun2, /projects/prjs1222/globgm_output/historical_with_pump/gswp3-w5e5/slurm_logs/3_run_model/done_run_model_solution4_subRun2
    output: /projects/prjs1222/globgm_output/historical_with_pump/gswp3-w5e5/slurm_logs/2_write_model_input/done_modify_ini_conditions_subRun3
    jobid: 16
    reason: Missing output files: /projects/prjs1222/globgm_output/historical_with_pump/gswp3-w5e5/slurm_logs/2_write_model_input/done_modify_ini_conditions_subRun3; Input files updated by another job: /projects/prjs1222/globgm_output/historical_with_pump/gswp3-w5e5/slurm_logs/2_write_model_input/done_write_models_solution2_subRun3, /projects/prjs1222/globgm_output/historical_with_pump/gswp3-w5e5/slurm_logs/2_write_model_input/done_write_models_solution3_subRun3, /projects/prjs1222/globgm_output/historical_with_pump/gswp3-w5e5/slurm_logs/3_run_model/done_run_model_solution1_subRun2, /projects/prjs1222/globgm_output/historical_with_pump/gswp3-w5e5/slurm_logs/3_run_model/done_run_model_solution4_subRun2, /projects/prjs1222/globgm_output/historical_with_pump/gswp3-w5e5/slurm_logs/3_run_model/done_run_model_solution3_subRun2, /projects/prjs1222/globgm_output/historical_with_pump/gswp3-w5e5/slurm_logs/2_write_model_input/done_write_models_solution1_subRun3, /projects/prjs1222/globgm_output/historical_with_pump/gswp3-w5e5/slurm_logs/3_run_model/done_run_model_solution2_subRun2, /projects/prjs1222/globgm_output/historical_with_pump/gswp3-w5e5/slurm_logs/2_write_model_input/done_write_models_solution4_subRun3
    resources: mem_mb=1000, mem_mib=954, disk_mb=1000, disk_mib=954, tmpdir=/scratch-local/barrygwt.9393451, slurm_account=uus2024031


[Tue Jan 14 15:28:50 2025]
rule post_model_solution2_hds_subRun2:
    input: /projects/prjs1222/globgm_output/historical_with_pump/gswp3-w5e5/slurm_logs/3_run_model/done_run_model_solution2_subRun2
    output: /projects/prjs1222/globgm_output/historical_with_pump/gswp3-w5e5/slurm_logs/4_post-processing/done_post_model_solution2_hds_subRun2
    jobid: 66
    reason: Missing output files: /projects/prjs1222/globgm_output/historical_with_pump/gswp3-w5e5/slurm_logs/4_post-processing/done_post_model_solution2_hds_subRun2; Input files updated by another job: /projects/prjs1222/globgm_output/historical_with_pump/gswp3-w5e5/slurm_logs/3_run_model/done_run_model_solution2_subRun2
    resources: mem_mb=28000, mem_mib=26703, disk_mb=1000, disk_mib=954, tmpdir=<TBD>, slurm_account=uus2024031, slurm_partition=genoa, nodes=1, runtime=7140, constraint=scratch-node, tasks=16, cpus_per_task=1, slurm_extra= --output=/projects/prjs1222/globgm_output/historical_with_pump/gswp3-w5e5/slurm_logs/4_post-processing/_post_model_solution2_hds_subRun2.out

Job 66 has been submitted with SLURM jobid 9396967 (log: /gpfs/work4/0/prjs1222/GLOBGM/run_simulation/model_job_scripts/.snakemake/slurm_logs/rule_post_model_solution2_hds_subRun2/9396967.log).

[Tue Jan 14 15:28:50 2025]
rule post_model_solution2_wtd_subRun2:
    input: /projects/prjs1222/globgm_output/historical_with_pump/gswp3-w5e5/slurm_logs/3_run_model/done_run_model_solution2_subRun2
    output: /projects/prjs1222/globgm_output/historical_with_pump/gswp3-w5e5/slurm_logs/4_post-processing/done_post_model_solution2_wtd_subRun2
    jobid: 65
    reason: Missing output files: /projects/prjs1222/globgm_output/historical_with_pump/gswp3-w5e5/slurm_logs/4_post-processing/done_post_model_solution2_wtd_subRun2; Input files updated by another job: /projects/prjs1222/globgm_output/historical_with_pump/gswp3-w5e5/slurm_logs/3_run_model/done_run_model_solution2_subRun2
    resources: mem_mb=28000, mem_mib=26703, disk_mb=1000, disk_mib=954, tmpdir=<TBD>, slurm_account=uus2024031, slurm_partition=genoa, nodes=1, runtime=7140, constraint=scratch-node, tasks=16, cpus_per_task=1, slurm_extra= --output=/projects/prjs1222/globgm_output/historical_with_pump/gswp3-w5e5/slurm_logs/4_post-processing/_post_model_solution2_wtd_subRun2.out

Job 65 has been submitted with SLURM jobid 9396968 (log: /gpfs/work4/0/prjs1222/GLOBGM/run_simulation/model_job_scripts/.snakemake/slurm_logs/rule_post_model_solution2_wtd_subRun2/9396968.log).
[Tue Jan 14 15:32:18 2025]
Finished job 16.
22 of 56 steps (39%) done
Select jobs to execute...
Execute 4 jobs...

[Tue Jan 14 15:32:18 2025]
rule run_model_solution3_subRun3:
    input: /projects/prjs1222/globgm_output/historical_with_pump/gswp3-w5e5/slurm_logs/2_write_model_input/done_modify_ini_conditions_subRun3
    output: /projects/prjs1222/globgm_output/historical_with_pump/gswp3-w5e5/slurm_logs/3_run_model/done_run_model_solution3_subRun3
    jobid: 43
    reason: Missing output files: /projects/prjs1222/globgm_output/historical_with_pump/gswp3-w5e5/slurm_logs/3_run_model/done_run_model_solution3_subRun3; Input files updated by another job: /projects/prjs1222/globgm_output/historical_with_pump/gswp3-w5e5/slurm_logs/2_write_model_input/done_modify_ini_conditions_subRun3
    resources: mem_mb=336000, mem_mib=320435, disk_mb=1000, disk_mib=954, tmpdir=<TBD>, slurm_account=uus2024031, slurm_partition=genoa, nodes=1, runtime=300, tasks=32, cpus_per_task=1, mpi=srun, slurm_extra=--exclusive --ntasks-per-node=32 --gres=cpu:1 --output=/projects/prjs1222/globgm_output/historical_with_pump/gswp3-w5e5/slurm_logs/3_run_model/_run_model_solution3_subRun3.out

Job 43 has been submitted with SLURM jobid 9396987 (log: /gpfs/work4/0/prjs1222/GLOBGM/run_simulation/model_job_scripts/.snakemake/slurm_logs/rule_run_model_solution3_subRun3/9396987.log).

[Tue Jan 14 15:32:18 2025]
rule run_model_solution2_subRun3:
    input: /projects/prjs1222/globgm_output/historical_with_pump/gswp3-w5e5/slurm_logs/2_write_model_input/done_modify_ini_conditions_subRun3
    output: /projects/prjs1222/globgm_output/historical_with_pump/gswp3-w5e5/slurm_logs/3_run_model/done_run_model_solution2_subRun3
    jobid: 42
    reason: Missing output files: /projects/prjs1222/globgm_output/historical_with_pump/gswp3-w5e5/slurm_logs/3_run_model/done_run_model_solution2_subRun3; Input files updated by another job: /projects/prjs1222/globgm_output/historical_with_pump/gswp3-w5e5/slurm_logs/2_write_model_input/done_modify_ini_conditions_subRun3
    resources: mem_mb=336000, mem_mib=320435, disk_mb=1000, disk_mib=954, tmpdir=<TBD>, slurm_account=uus2024031, slurm_partition=genoa, nodes=3, runtime=300, tasks=96, cpus_per_task=1, mpi=srun, slurm_extra=--exclusive --ntasks-per-node=32 --gres=cpu:1 --output=/projects/prjs1222/globgm_output/historical_with_pump/gswp3-w5e5/slurm_logs/3_run_model/_run_model_solution2_subRun3.out

Job 42 has been submitted with SLURM jobid 9396988 (log: /gpfs/work4/0/prjs1222/GLOBGM/run_simulation/model_job_scripts/.snakemake/slurm_logs/rule_run_model_solution2_subRun3/9396988.log).

[Tue Jan 14 15:32:18 2025]
rule run_model_solution1_subRun3:
    input: /projects/prjs1222/globgm_output/historical_with_pump/gswp3-w5e5/slurm_logs/2_write_model_input/done_modify_ini_conditions_subRun3
    output: /projects/prjs1222/globgm_output/historical_with_pump/gswp3-w5e5/slurm_logs/3_run_model/done_run_model_solution1_subRun3
    jobid: 15
    reason: Missing output files: /projects/prjs1222/globgm_output/historical_with_pump/gswp3-w5e5/slurm_logs/3_run_model/done_run_model_solution1_subRun3; Input files updated by another job: /projects/prjs1222/globgm_output/historical_with_pump/gswp3-w5e5/slurm_logs/2_write_model_input/done_modify_ini_conditions_subRun3
    resources: mem_mb=336000, mem_mib=320435, disk_mb=1000, disk_mib=954, tmpdir=<TBD>, slurm_account=uus2024031, slurm_partition=genoa, nodes=7, runtime=300, tasks=224, cpus_per_task=1, mpi=srun, slurm_extra=--exclusive --ntasks-per-node=32 --gres=cpu:1 --output=/projects/prjs1222/globgm_output/historical_with_pump/gswp3-w5e5/slurm_logs/3_run_model/_run_model_solution1_subRun3.out

Job 15 has been submitted with SLURM jobid 9396989 (log: /gpfs/work4/0/prjs1222/GLOBGM/run_simulation/model_job_scripts/.snakemake/slurm_logs/rule_run_model_solution1_subRun3/9396989.log).

[Tue Jan 14 15:32:19 2025]
rule run_model_solution4_subRun3:
    input: /projects/prjs1222/globgm_output/historical_with_pump/gswp3-w5e5/slurm_logs/2_write_model_input/done_modify_ini_conditions_subRun3
    output: /projects/prjs1222/globgm_output/historical_with_pump/gswp3-w5e5/slurm_logs/3_run_model/done_run_model_solution4_subRun3
    jobid: 44
    reason: Missing output files: /projects/prjs1222/globgm_output/historical_with_pump/gswp3-w5e5/slurm_logs/3_run_model/done_run_model_solution4_subRun3; Input files updated by another job: /projects/prjs1222/globgm_output/historical_with_pump/gswp3-w5e5/slurm_logs/2_write_model_input/done_modify_ini_conditions_subRun3
    resources: mem_mb=336000, mem_mib=320435, disk_mb=1000, disk_mib=954, tmpdir=<TBD>, slurm_account=uus2024031, slurm_partition=genoa, nodes=1, runtime=300, tasks=32, cpus_per_task=1, mpi=srun, slurm_extra=--exclusive --ntasks-per-node=32 --gres=cpu:1 --output=/projects/prjs1222/globgm_output/historical_with_pump/gswp3-w5e5/slurm_logs/3_run_model/_run_model_solution4_subRun3.out

Job 44 has been submitted with SLURM jobid 9396990 (log: /gpfs/work4/0/prjs1222/GLOBGM/run_simulation/model_job_scripts/.snakemake/slurm_logs/rule_run_model_solution4_subRun3/9396990.log).
[Tue Jan 14 17:03:24 2025]
Finished job 66.
23 of 56 steps (41%) done
[Tue Jan 14 17:06:54 2025]
Finished job 65.
24 of 56 steps (43%) done
[Tue Jan 14 17:14:25 2025]
Finished job 43.
25 of 56 steps (45%) done
Select jobs to execute...
Execute 2 jobs...

[Tue Jan 14 17:14:25 2025]
rule post_model_solution3_hds_subRun3:
    input: /projects/prjs1222/globgm_output/historical_with_pump/gswp3-w5e5/slurm_logs/3_run_model/done_run_model_solution3_subRun3
    output: /projects/prjs1222/globgm_output/historical_with_pump/gswp3-w5e5/slurm_logs/4_post-processing/done_post_model_solution3_hds_subRun3
    jobid: 60
    reason: Missing output files: /projects/prjs1222/globgm_output/historical_with_pump/gswp3-w5e5/slurm_logs/4_post-processing/done_post_model_solution3_hds_subRun3; Input files updated by another job: /projects/prjs1222/globgm_output/historical_with_pump/gswp3-w5e5/slurm_logs/3_run_model/done_run_model_solution3_subRun3
    resources: mem_mb=28000, mem_mib=26703, disk_mb=1000, disk_mib=954, tmpdir=<TBD>, slurm_account=uus2024031, slurm_partition=genoa, nodes=1, runtime=7140, constraint=scratch-node, tasks=16, cpus_per_task=1, slurm_extra= --output=/projects/prjs1222/globgm_output/historical_with_pump/gswp3-w5e5/slurm_logs/4_post-processing/_post_model_solution3_hds_subRun3.out

Job 60 has been submitted with SLURM jobid 9398049 (log: /gpfs/work4/0/prjs1222/GLOBGM/run_simulation/model_job_scripts/.snakemake/slurm_logs/rule_post_model_solution3_hds_subRun3/9398049.log).

[Tue Jan 14 17:14:25 2025]
rule post_model_solution3_wtd_subRun3:
    input: /projects/prjs1222/globgm_output/historical_with_pump/gswp3-w5e5/slurm_logs/3_run_model/done_run_model_solution3_subRun3
    output: /projects/prjs1222/globgm_output/historical_with_pump/gswp3-w5e5/slurm_logs/4_post-processing/done_post_model_solution3_wtd_subRun3
    jobid: 59
    reason: Missing output files: /projects/prjs1222/globgm_output/historical_with_pump/gswp3-w5e5/slurm_logs/4_post-processing/done_post_model_solution3_wtd_subRun3; Input files updated by another job: /projects/prjs1222/globgm_output/historical_with_pump/gswp3-w5e5/slurm_logs/3_run_model/done_run_model_solution3_subRun3
    resources: mem_mb=28000, mem_mib=26703, disk_mb=1000, disk_mib=954, tmpdir=<TBD>, slurm_account=uus2024031, slurm_partition=genoa, nodes=1, runtime=7140, constraint=scratch-node, tasks=16, cpus_per_task=1, slurm_extra= --output=/projects/prjs1222/globgm_output/historical_with_pump/gswp3-w5e5/slurm_logs/4_post-processing/_post_model_solution3_wtd_subRun3.out

Job 59 has been submitted with SLURM jobid 9398050 (log: /gpfs/work4/0/prjs1222/GLOBGM/run_simulation/model_job_scripts/.snakemake/slurm_logs/rule_post_model_solution3_wtd_subRun3/9398050.log).
[Tue Jan 14 17:14:25 2025]
Finished job 44.
26 of 56 steps (46%) done
Select jobs to execute...
Execute 2 jobs...

[Tue Jan 14 17:14:25 2025]
rule post_model_solution4_hds_subRun3:
    input: /projects/prjs1222/globgm_output/historical_with_pump/gswp3-w5e5/slurm_logs/3_run_model/done_run_model_solution4_subRun3
    output: /projects/prjs1222/globgm_output/historical_with_pump/gswp3-w5e5/slurm_logs/4_post-processing/done_post_model_solution4_hds_subRun3
    jobid: 62
    reason: Missing output files: /projects/prjs1222/globgm_output/historical_with_pump/gswp3-w5e5/slurm_logs/4_post-processing/done_post_model_solution4_hds_subRun3; Input files updated by another job: /projects/prjs1222/globgm_output/historical_with_pump/gswp3-w5e5/slurm_logs/3_run_model/done_run_model_solution4_subRun3
    resources: mem_mb=56000, mem_mib=53406, disk_mb=1000, disk_mib=954, tmpdir=<TBD>, slurm_account=uus2024031, slurm_partition=genoa, nodes=1, runtime=7140, constraint=scratch-node, tasks=32, cpus_per_task=1, slurm_extra= --output=/projects/prjs1222/globgm_output/historical_with_pump/gswp3-w5e5/slurm_logs/4_post-processing/_post_model_solution4_hds_subRun3.out

Job 62 has been submitted with SLURM jobid 9398051 (log: /gpfs/work4/0/prjs1222/GLOBGM/run_simulation/model_job_scripts/.snakemake/slurm_logs/rule_post_model_solution4_hds_subRun3/9398051.log).

[Tue Jan 14 17:14:25 2025]
rule post_model_solution4_wtd_subRun3:
    input: /projects/prjs1222/globgm_output/historical_with_pump/gswp3-w5e5/slurm_logs/3_run_model/done_run_model_solution4_subRun3
    output: /projects/prjs1222/globgm_output/historical_with_pump/gswp3-w5e5/slurm_logs/4_post-processing/done_post_model_solution4_wtd_subRun3
    jobid: 61
    reason: Missing output files: /projects/prjs1222/globgm_output/historical_with_pump/gswp3-w5e5/slurm_logs/4_post-processing/done_post_model_solution4_wtd_subRun3; Input files updated by another job: /projects/prjs1222/globgm_output/historical_with_pump/gswp3-w5e5/slurm_logs/3_run_model/done_run_model_solution4_subRun3
    resources: mem_mb=56000, mem_mib=53406, disk_mb=1000, disk_mib=954, tmpdir=<TBD>, slurm_account=uus2024031, slurm_partition=genoa, nodes=1, runtime=7140, constraint=scratch-node, tasks=32, cpus_per_task=1, slurm_extra= --output=/projects/prjs1222/globgm_output/historical_with_pump/gswp3-w5e5/slurm_logs/4_post-processing/_post_model_solution4_wtd_subRun3.out

Job 61 has been submitted with SLURM jobid 9398052 (log: /gpfs/work4/0/prjs1222/GLOBGM/run_simulation/model_job_scripts/.snakemake/slurm_logs/rule_post_model_solution4_wtd_subRun3/9398052.log).
[Tue Jan 14 17:27:26 2025]
Finished job 60.
27 of 56 steps (48%) done
[Tue Jan 14 17:27:26 2025]
Finished job 59.
28 of 56 steps (50%) done
[Tue Jan 14 18:01:57 2025]
Finished job 63.
29 of 56 steps (52%) done
[Tue Jan 14 18:01:57 2025]
Finished job 64.
30 of 56 steps (54%) done
[Tue Jan 14 18:24:39 2025]
Finished job 42.
31 of 56 steps (55%) done
Select jobs to execute...
Execute 2 jobs...

[Tue Jan 14 18:24:39 2025]
rule post_model_solution2_hds_subRun3:
    input: /projects/prjs1222/globgm_output/historical_with_pump/gswp3-w5e5/slurm_logs/3_run_model/done_run_model_solution2_subRun3
    output: /projects/prjs1222/globgm_output/historical_with_pump/gswp3-w5e5/slurm_logs/4_post-processing/done_post_model_solution2_hds_subRun3
    jobid: 58
    reason: Missing output files: /projects/prjs1222/globgm_output/historical_with_pump/gswp3-w5e5/slurm_logs/4_post-processing/done_post_model_solution2_hds_subRun3; Input files updated by another job: /projects/prjs1222/globgm_output/historical_with_pump/gswp3-w5e5/slurm_logs/3_run_model/done_run_model_solution2_subRun3
    resources: mem_mb=28000, mem_mib=26703, disk_mb=1000, disk_mib=954, tmpdir=<TBD>, slurm_account=uus2024031, slurm_partition=genoa, nodes=1, runtime=7140, constraint=scratch-node, tasks=16, cpus_per_task=1, slurm_extra= --output=/projects/prjs1222/globgm_output/historical_with_pump/gswp3-w5e5/slurm_logs/4_post-processing/_post_model_solution2_hds_subRun3.out

Job 58 has been submitted with SLURM jobid 9398582 (log: /gpfs/work4/0/prjs1222/GLOBGM/run_simulation/model_job_scripts/.snakemake/slurm_logs/rule_post_model_solution2_hds_subRun3/9398582.log).

[Tue Jan 14 18:24:39 2025]
rule post_model_solution2_wtd_subRun3:
    input: /projects/prjs1222/globgm_output/historical_with_pump/gswp3-w5e5/slurm_logs/3_run_model/done_run_model_solution2_subRun3
    output: /projects/prjs1222/globgm_output/historical_with_pump/gswp3-w5e5/slurm_logs/4_post-processing/done_post_model_solution2_wtd_subRun3
    jobid: 57
    reason: Missing output files: /projects/prjs1222/globgm_output/historical_with_pump/gswp3-w5e5/slurm_logs/4_post-processing/done_post_model_solution2_wtd_subRun3; Input files updated by another job: /projects/prjs1222/globgm_output/historical_with_pump/gswp3-w5e5/slurm_logs/3_run_model/done_run_model_solution2_subRun3
    resources: mem_mb=28000, mem_mib=26703, disk_mb=1000, disk_mib=954, tmpdir=<TBD>, slurm_account=uus2024031, slurm_partition=genoa, nodes=1, runtime=7140, constraint=scratch-node, tasks=16, cpus_per_task=1, slurm_extra= --output=/projects/prjs1222/globgm_output/historical_with_pump/gswp3-w5e5/slurm_logs/4_post-processing/_post_model_solution2_wtd_subRun3.out

Job 57 has been submitted with SLURM jobid 9398583 (log: /gpfs/work4/0/prjs1222/GLOBGM/run_simulation/model_job_scripts/.snakemake/slurm_logs/rule_post_model_solution2_wtd_subRun3/9398583.log).
[Tue Jan 14 18:35:40 2025]
Finished job 15.
32 of 56 steps (57%) done
Select jobs to execute...
Execute 3 jobs...

[Tue Jan 14 18:35:40 2025]
localrule modify_ini_conditions_subRun4:
    input: /projects/prjs1222/globgm_output/historical_with_pump/gswp3-w5e5/slurm_logs/2_write_model_input/done_write_models_solution1_subRun4, /projects/prjs1222/globgm_output/historical_with_pump/gswp3-w5e5/slurm_logs/2_write_model_input/done_write_models_solution2_subRun4, /projects/prjs1222/globgm_output/historical_with_pump/gswp3-w5e5/slurm_logs/2_write_model_input/done_write_models_solution3_subRun4, /projects/prjs1222/globgm_output/historical_with_pump/gswp3-w5e5/slurm_logs/2_write_model_input/done_write_models_solution4_subRun4, /projects/prjs1222/globgm_output/historical_with_pump/gswp3-w5e5/slurm_logs/3_run_model/done_run_model_solution1_subRun3, /projects/prjs1222/globgm_output/historical_with_pump/gswp3-w5e5/slurm_logs/3_run_model/done_run_model_solution2_subRun3, /projects/prjs1222/globgm_output/historical_with_pump/gswp3-w5e5/slurm_logs/3_run_model/done_run_model_solution3_subRun3, /projects/prjs1222/globgm_output/historical_with_pump/gswp3-w5e5/slurm_logs/3_run_model/done_run_model_solution4_subRun3
    output: /projects/prjs1222/globgm_output/historical_with_pump/gswp3-w5e5/slurm_logs/2_write_model_input/done_modify_ini_conditions_subRun4
    jobid: 3
    reason: Missing output files: /projects/prjs1222/globgm_output/historical_with_pump/gswp3-w5e5/slurm_logs/2_write_model_input/done_modify_ini_conditions_subRun4; Input files updated by another job: /projects/prjs1222/globgm_output/historical_with_pump/gswp3-w5e5/slurm_logs/2_write_model_input/done_write_models_solution1_subRun4, /projects/prjs1222/globgm_output/historical_with_pump/gswp3-w5e5/slurm_logs/3_run_model/done_run_model_solution4_subRun3, /projects/prjs1222/globgm_output/historical_with_pump/gswp3-w5e5/slurm_logs/2_write_model_input/done_write_models_solution2_subRun4, /projects/prjs1222/globgm_output/historical_with_pump/gswp3-w5e5/slurm_logs/3_run_model/done_run_model_solution2_subRun3, /projects/prjs1222/globgm_output/historical_with_pump/gswp3-w5e5/slurm_logs/3_run_model/done_run_model_solution3_subRun3, /projects/prjs1222/globgm_output/historical_with_pump/gswp3-w5e5/slurm_logs/3_run_model/done_run_model_solution1_subRun3, /projects/prjs1222/globgm_output/historical_with_pump/gswp3-w5e5/slurm_logs/2_write_model_input/done_write_models_solution3_subRun4, /projects/prjs1222/globgm_output/historical_with_pump/gswp3-w5e5/slurm_logs/2_write_model_input/done_write_models_solution4_subRun4
    resources: mem_mb=1000, mem_mib=954, disk_mb=1000, disk_mib=954, tmpdir=/scratch-local/barrygwt.9393451, slurm_account=uus2024031


[Tue Jan 14 18:35:40 2025]
rule post_model_solution1_hds_subRun3:
    input: /projects/prjs1222/globgm_output/historical_with_pump/gswp3-w5e5/slurm_logs/3_run_model/done_run_model_solution1_subRun3
    output: /projects/prjs1222/globgm_output/historical_with_pump/gswp3-w5e5/slurm_logs/4_post-processing/done_post_model_solution1_hds_subRun3
    jobid: 55
    reason: Missing output files: /projects/prjs1222/globgm_output/historical_with_pump/gswp3-w5e5/slurm_logs/4_post-processing/done_post_model_solution1_hds_subRun3; Input files updated by another job: /projects/prjs1222/globgm_output/historical_with_pump/gswp3-w5e5/slurm_logs/3_run_model/done_run_model_solution1_subRun3
    resources: mem_mb=28000, mem_mib=26703, disk_mb=1000, disk_mib=954, tmpdir=<TBD>, slurm_account=uus2024031, slurm_partition=genoa, nodes=1, runtime=7140, constraint=scratch-node, tasks=16, cpus_per_task=1, slurm_extra= --output=/projects/prjs1222/globgm_output/historical_with_pump/gswp3-w5e5/slurm_logs/4_post-processing/_post_model_solution1_hds_subRun3.out

Job 55 has been submitted with SLURM jobid 9398612 (log: /gpfs/work4/0/prjs1222/GLOBGM/run_simulation/model_job_scripts/.snakemake/slurm_logs/rule_post_model_solution1_hds_subRun3/9398612.log).

[Tue Jan 14 18:35:40 2025]
rule post_model_solution1_wtd_subRun3:
    input: /projects/prjs1222/globgm_output/historical_with_pump/gswp3-w5e5/slurm_logs/3_run_model/done_run_model_solution1_subRun3
    output: /projects/prjs1222/globgm_output/historical_with_pump/gswp3-w5e5/slurm_logs/4_post-processing/done_post_model_solution1_wtd_subRun3
    jobid: 56
    reason: Missing output files: /projects/prjs1222/globgm_output/historical_with_pump/gswp3-w5e5/slurm_logs/4_post-processing/done_post_model_solution1_wtd_subRun3; Input files updated by another job: /projects/prjs1222/globgm_output/historical_with_pump/gswp3-w5e5/slurm_logs/3_run_model/done_run_model_solution1_subRun3
    resources: mem_mb=28000, mem_mib=26703, disk_mb=1000, disk_mib=954, tmpdir=<TBD>, slurm_account=uus2024031, slurm_partition=genoa, nodes=1, runtime=7140, constraint=scratch-node, tasks=16, cpus_per_task=1, slurm_extra= --output=/projects/prjs1222/globgm_output/historical_with_pump/gswp3-w5e5/slurm_logs/4_post-processing/_post_model_solution1_wtd_subRun3.out

Job 56 has been submitted with SLURM jobid 9398613 (log: /gpfs/work4/0/prjs1222/GLOBGM/run_simulation/model_job_scripts/.snakemake/slurm_logs/rule_post_model_solution1_wtd_subRun3/9398613.log).
[Tue Jan 14 18:39:18 2025]
Finished job 3.
33 of 56 steps (59%) done
Select jobs to execute...
Execute 4 jobs...

[Tue Jan 14 18:39:18 2025]
rule run_model_solution1_subRun4:
    input: /projects/prjs1222/globgm_output/historical_with_pump/gswp3-w5e5/slurm_logs/2_write_model_input/done_modify_ini_conditions_subRun4
    output: /projects/prjs1222/globgm_output/historical_with_pump/gswp3-w5e5/slurm_logs/3_run_model/done_run_model_solution1_subRun4
    jobid: 2
    reason: Missing output files: /projects/prjs1222/globgm_output/historical_with_pump/gswp3-w5e5/slurm_logs/3_run_model/done_run_model_solution1_subRun4; Input files updated by another job: /projects/prjs1222/globgm_output/historical_with_pump/gswp3-w5e5/slurm_logs/2_write_model_input/done_modify_ini_conditions_subRun4
    resources: mem_mb=336000, mem_mib=320435, disk_mb=1000, disk_mib=954, tmpdir=<TBD>, slurm_account=uus2024031, slurm_partition=genoa, nodes=7, runtime=300, tasks=224, cpus_per_task=1, mpi=srun, slurm_extra=--exclusive --ntasks-per-node=32 --gres=cpu:1 --output=/projects/prjs1222/globgm_output/historical_with_pump/gswp3-w5e5/slurm_logs/3_run_model/_run_model_solution1_subRun4.out

Job 2 has been submitted with SLURM jobid 9398622 (log: /gpfs/work4/0/prjs1222/GLOBGM/run_simulation/model_job_scripts/.snakemake/slurm_logs/rule_run_model_solution1_subRun4/9398622.log).

[Tue Jan 14 18:39:18 2025]
rule run_model_solution4_subRun4:
    input: /projects/prjs1222/globgm_output/historical_with_pump/gswp3-w5e5/slurm_logs/2_write_model_input/done_modify_ini_conditions_subRun4
    output: /projects/prjs1222/globgm_output/historical_with_pump/gswp3-w5e5/slurm_logs/3_run_model/done_run_model_solution4_subRun4
    jobid: 53
    reason: Missing output files: /projects/prjs1222/globgm_output/historical_with_pump/gswp3-w5e5/slurm_logs/3_run_model/done_run_model_solution4_subRun4; Input files updated by another job: /projects/prjs1222/globgm_output/historical_with_pump/gswp3-w5e5/slurm_logs/2_write_model_input/done_modify_ini_conditions_subRun4
    resources: mem_mb=336000, mem_mib=320435, disk_mb=1000, disk_mib=954, tmpdir=<TBD>, slurm_account=uus2024031, slurm_partition=genoa, nodes=1, runtime=300, tasks=32, cpus_per_task=1, mpi=srun, slurm_extra=--exclusive --ntasks-per-node=32 --gres=cpu:1 --output=/projects/prjs1222/globgm_output/historical_with_pump/gswp3-w5e5/slurm_logs/3_run_model/_run_model_solution4_subRun4.out

Job 53 has been submitted with SLURM jobid 9398623 (log: /gpfs/work4/0/prjs1222/GLOBGM/run_simulation/model_job_scripts/.snakemake/slurm_logs/rule_run_model_solution4_subRun4/9398623.log).

[Tue Jan 14 18:39:18 2025]
rule run_model_solution3_subRun4:
    input: /projects/prjs1222/globgm_output/historical_with_pump/gswp3-w5e5/slurm_logs/2_write_model_input/done_modify_ini_conditions_subRun4
    output: /projects/prjs1222/globgm_output/historical_with_pump/gswp3-w5e5/slurm_logs/3_run_model/done_run_model_solution3_subRun4
    jobid: 50
    reason: Missing output files: /projects/prjs1222/globgm_output/historical_with_pump/gswp3-w5e5/slurm_logs/3_run_model/done_run_model_solution3_subRun4; Input files updated by another job: /projects/prjs1222/globgm_output/historical_with_pump/gswp3-w5e5/slurm_logs/2_write_model_input/done_modify_ini_conditions_subRun4
    resources: mem_mb=336000, mem_mib=320435, disk_mb=1000, disk_mib=954, tmpdir=<TBD>, slurm_account=uus2024031, slurm_partition=genoa, nodes=1, runtime=300, tasks=32, cpus_per_task=1, mpi=srun, slurm_extra=--exclusive --ntasks-per-node=32 --gres=cpu:1 --output=/projects/prjs1222/globgm_output/historical_with_pump/gswp3-w5e5/slurm_logs/3_run_model/_run_model_solution3_subRun4.out

Job 50 has been submitted with SLURM jobid 9398624 (log: /gpfs/work4/0/prjs1222/GLOBGM/run_simulation/model_job_scripts/.snakemake/slurm_logs/rule_run_model_solution3_subRun4/9398624.log).

[Tue Jan 14 18:39:18 2025]
rule run_model_solution2_subRun4:
    input: /projects/prjs1222/globgm_output/historical_with_pump/gswp3-w5e5/slurm_logs/2_write_model_input/done_modify_ini_conditions_subRun4
    output: /projects/prjs1222/globgm_output/historical_with_pump/gswp3-w5e5/slurm_logs/3_run_model/done_run_model_solution2_subRun4
    jobid: 47
    reason: Missing output files: /projects/prjs1222/globgm_output/historical_with_pump/gswp3-w5e5/slurm_logs/3_run_model/done_run_model_solution2_subRun4; Input files updated by another job: /projects/prjs1222/globgm_output/historical_with_pump/gswp3-w5e5/slurm_logs/2_write_model_input/done_modify_ini_conditions_subRun4
    resources: mem_mb=336000, mem_mib=320435, disk_mb=1000, disk_mib=954, tmpdir=<TBD>, slurm_account=uus2024031, slurm_partition=genoa, nodes=3, runtime=300, tasks=96, cpus_per_task=1, mpi=srun, slurm_extra=--exclusive --ntasks-per-node=32 --gres=cpu:1 --output=/projects/prjs1222/globgm_output/historical_with_pump/gswp3-w5e5/slurm_logs/3_run_model/_run_model_solution2_subRun4.out

Job 47 has been submitted with SLURM jobid 9398625 (log: /gpfs/work4/0/prjs1222/GLOBGM/run_simulation/model_job_scripts/.snakemake/slurm_logs/rule_run_model_solution2_subRun4/9398625.log).
[Tue Jan 14 19:55:13 2025]
Finished job 53.
34 of 56 steps (61%) done
Select jobs to execute...
Execute 2 jobs...

[Tue Jan 14 19:55:13 2025]
rule post_model_solution4_hds_subRun4:
    input: /projects/prjs1222/globgm_output/historical_with_pump/gswp3-w5e5/slurm_logs/3_run_model/done_run_model_solution4_subRun4
    output: /projects/prjs1222/globgm_output/historical_with_pump/gswp3-w5e5/slurm_logs/4_post-processing/done_post_model_solution4_hds_subRun4
    jobid: 54
    reason: Missing output files: /projects/prjs1222/globgm_output/historical_with_pump/gswp3-w5e5/slurm_logs/4_post-processing/done_post_model_solution4_hds_subRun4; Input files updated by another job: /projects/prjs1222/globgm_output/historical_with_pump/gswp3-w5e5/slurm_logs/3_run_model/done_run_model_solution4_subRun4
    resources: mem_mb=56000, mem_mib=53406, disk_mb=1000, disk_mib=954, tmpdir=<TBD>, slurm_account=uus2024031, slurm_partition=genoa, nodes=1, runtime=7140, constraint=scratch-node, tasks=32, cpus_per_task=1, slurm_extra= --output=/projects/prjs1222/globgm_output/historical_with_pump/gswp3-w5e5/slurm_logs/4_post-processing/_post_model_solution4_hds_subRun4.out

Job 54 has been submitted with SLURM jobid 9398963 (log: /gpfs/work4/0/prjs1222/GLOBGM/run_simulation/model_job_scripts/.snakemake/slurm_logs/rule_post_model_solution4_hds_subRun4/9398963.log).

[Tue Jan 14 19:55:14 2025]
rule post_model_solution4_wtd_subRun4:
    input: /projects/prjs1222/globgm_output/historical_with_pump/gswp3-w5e5/slurm_logs/3_run_model/done_run_model_solution4_subRun4
    output: /projects/prjs1222/globgm_output/historical_with_pump/gswp3-w5e5/slurm_logs/4_post-processing/done_post_model_solution4_wtd_subRun4
    jobid: 52
    reason: Missing output files: /projects/prjs1222/globgm_output/historical_with_pump/gswp3-w5e5/slurm_logs/4_post-processing/done_post_model_solution4_wtd_subRun4; Input files updated by another job: /projects/prjs1222/globgm_output/historical_with_pump/gswp3-w5e5/slurm_logs/3_run_model/done_run_model_solution4_subRun4
    resources: mem_mb=56000, mem_mib=53406, disk_mb=1000, disk_mib=954, tmpdir=<TBD>, slurm_account=uus2024031, slurm_partition=genoa, nodes=1, runtime=7140, constraint=scratch-node, tasks=32, cpus_per_task=1, slurm_extra= --output=/projects/prjs1222/globgm_output/historical_with_pump/gswp3-w5e5/slurm_logs/4_post-processing/_post_model_solution4_wtd_subRun4.out

Job 52 has been submitted with SLURM jobid 9398964 (log: /gpfs/work4/0/prjs1222/GLOBGM/run_simulation/model_job_scripts/.snakemake/slurm_logs/rule_post_model_solution4_wtd_subRun4/9398964.log).
[Tue Jan 14 19:56:13 2025]
Finished job 50.
35 of 56 steps (62%) done
Select jobs to execute...
Execute 2 jobs...

[Tue Jan 14 19:56:13 2025]
rule post_model_solution3_wtd_subRun4:
    input: /projects/prjs1222/globgm_output/historical_with_pump/gswp3-w5e5/slurm_logs/3_run_model/done_run_model_solution3_subRun4
    output: /projects/prjs1222/globgm_output/historical_with_pump/gswp3-w5e5/slurm_logs/4_post-processing/done_post_model_solution3_wtd_subRun4
    jobid: 49
    reason: Missing output files: /projects/prjs1222/globgm_output/historical_with_pump/gswp3-w5e5/slurm_logs/4_post-processing/done_post_model_solution3_wtd_subRun4; Input files updated by another job: /projects/prjs1222/globgm_output/historical_with_pump/gswp3-w5e5/slurm_logs/3_run_model/done_run_model_solution3_subRun4
    resources: mem_mb=28000, mem_mib=26703, disk_mb=1000, disk_mib=954, tmpdir=<TBD>, slurm_account=uus2024031, slurm_partition=genoa, nodes=1, runtime=7140, constraint=scratch-node, tasks=16, cpus_per_task=1, slurm_extra= --output=/projects/prjs1222/globgm_output/historical_with_pump/gswp3-w5e5/slurm_logs/4_post-processing/_post_model_solution3_wtd_subRun4.out

Job 49 has been submitted with SLURM jobid 9398969 (log: /gpfs/work4/0/prjs1222/GLOBGM/run_simulation/model_job_scripts/.snakemake/slurm_logs/rule_post_model_solution3_wtd_subRun4/9398969.log).

[Tue Jan 14 19:56:14 2025]
rule post_model_solution3_hds_subRun4:
    input: /projects/prjs1222/globgm_output/historical_with_pump/gswp3-w5e5/slurm_logs/3_run_model/done_run_model_solution3_subRun4
    output: /projects/prjs1222/globgm_output/historical_with_pump/gswp3-w5e5/slurm_logs/4_post-processing/done_post_model_solution3_hds_subRun4
    jobid: 51
    reason: Missing output files: /projects/prjs1222/globgm_output/historical_with_pump/gswp3-w5e5/slurm_logs/4_post-processing/done_post_model_solution3_hds_subRun4; Input files updated by another job: /projects/prjs1222/globgm_output/historical_with_pump/gswp3-w5e5/slurm_logs/3_run_model/done_run_model_solution3_subRun4
    resources: mem_mb=28000, mem_mib=26703, disk_mb=1000, disk_mib=954, tmpdir=<TBD>, slurm_account=uus2024031, slurm_partition=genoa, nodes=1, runtime=7140, constraint=scratch-node, tasks=16, cpus_per_task=1, slurm_extra= --output=/projects/prjs1222/globgm_output/historical_with_pump/gswp3-w5e5/slurm_logs/4_post-processing/_post_model_solution3_hds_subRun4.out

Job 51 has been submitted with SLURM jobid 9398970 (log: /gpfs/work4/0/prjs1222/GLOBGM/run_simulation/model_job_scripts/.snakemake/slurm_logs/rule_post_model_solution3_hds_subRun4/9398970.log).
[Tue Jan 14 20:02:14 2025]
Finished job 58.
36 of 56 steps (64%) done
[Tue Jan 14 20:02:44 2025]
Finished job 57.
37 of 56 steps (66%) done
[Tue Jan 14 20:06:14 2025]
Finished job 49.
38 of 56 steps (68%) done
[Tue Jan 14 20:06:14 2025]
Finished job 51.
39 of 56 steps (70%) done
[Tue Jan 14 20:52:47 2025]
Finished job 47.
40 of 56 steps (71%) done
Select jobs to execute...
Execute 2 jobs...

[Tue Jan 14 20:52:47 2025]
rule post_model_solution2_hds_subRun4:
    input: /projects/prjs1222/globgm_output/historical_with_pump/gswp3-w5e5/slurm_logs/3_run_model/done_run_model_solution2_subRun4
    output: /projects/prjs1222/globgm_output/historical_with_pump/gswp3-w5e5/slurm_logs/4_post-processing/done_post_model_solution2_hds_subRun4
    jobid: 48
    reason: Missing output files: /projects/prjs1222/globgm_output/historical_with_pump/gswp3-w5e5/slurm_logs/4_post-processing/done_post_model_solution2_hds_subRun4; Input files updated by another job: /projects/prjs1222/globgm_output/historical_with_pump/gswp3-w5e5/slurm_logs/3_run_model/done_run_model_solution2_subRun4
    resources: mem_mb=28000, mem_mib=26703, disk_mb=1000, disk_mib=954, tmpdir=<TBD>, slurm_account=uus2024031, slurm_partition=genoa, nodes=1, runtime=7140, constraint=scratch-node, tasks=16, cpus_per_task=1, slurm_extra= --output=/projects/prjs1222/globgm_output/historical_with_pump/gswp3-w5e5/slurm_logs/4_post-processing/_post_model_solution2_hds_subRun4.out

Job 48 has been submitted with SLURM jobid 9399601 (log: /gpfs/work4/0/prjs1222/GLOBGM/run_simulation/model_job_scripts/.snakemake/slurm_logs/rule_post_model_solution2_hds_subRun4/9399601.log).

[Tue Jan 14 20:52:48 2025]
rule post_model_solution2_wtd_subRun4:
    input: /projects/prjs1222/globgm_output/historical_with_pump/gswp3-w5e5/slurm_logs/3_run_model/done_run_model_solution2_subRun4
    output: /projects/prjs1222/globgm_output/historical_with_pump/gswp3-w5e5/slurm_logs/4_post-processing/done_post_model_solution2_wtd_subRun4
    jobid: 46
    reason: Missing output files: /projects/prjs1222/globgm_output/historical_with_pump/gswp3-w5e5/slurm_logs/4_post-processing/done_post_model_solution2_wtd_subRun4; Input files updated by another job: /projects/prjs1222/globgm_output/historical_with_pump/gswp3-w5e5/slurm_logs/3_run_model/done_run_model_solution2_subRun4
    resources: mem_mb=56000, mem_mib=53406, disk_mb=1000, disk_mib=954, tmpdir=<TBD>, slurm_account=uus2024031, slurm_partition=genoa, nodes=1, runtime=7140, constraint=scratch-node, tasks=32, cpus_per_task=1, slurm_extra= --output=/projects/prjs1222/globgm_output/historical_with_pump/gswp3-w5e5/slurm_logs/4_post-processing/_post_model_solution2_wtd_subRun4.out

Job 46 has been submitted with SLURM jobid 9399602 (log: /gpfs/work4/0/prjs1222/GLOBGM/run_simulation/model_job_scripts/.snakemake/slurm_logs/rule_post_model_solution2_wtd_subRun4/9399602.log).
[Tue Jan 14 20:53:17 2025]
Finished job 2.
41 of 56 steps (73%) done
Select jobs to execute...
Execute 2 jobs...

[Tue Jan 14 20:53:17 2025]
rule post_model_solution1_hds_subRun4:
    input: /projects/prjs1222/globgm_output/historical_with_pump/gswp3-w5e5/slurm_logs/3_run_model/done_run_model_solution1_subRun4
    output: /projects/prjs1222/globgm_output/historical_with_pump/gswp3-w5e5/slurm_logs/4_post-processing/done_post_model_solution1_hds_subRun4
    jobid: 45
    reason: Missing output files: /projects/prjs1222/globgm_output/historical_with_pump/gswp3-w5e5/slurm_logs/4_post-processing/done_post_model_solution1_hds_subRun4; Input files updated by another job: /projects/prjs1222/globgm_output/historical_with_pump/gswp3-w5e5/slurm_logs/3_run_model/done_run_model_solution1_subRun4
    resources: mem_mb=28000, mem_mib=26703, disk_mb=1000, disk_mib=954, tmpdir=<TBD>, slurm_account=uus2024031, slurm_partition=genoa, nodes=1, runtime=7140, constraint=scratch-node, tasks=16, slurm_extra= --output=/projects/prjs1222/globgm_output/historical_with_pump/gswp3-w5e5/slurm_logs/4_post-processing/_post_model_solution1_hds_subRun4.out

Job 45 has been submitted with SLURM jobid 9399616 (log: /gpfs/work4/0/prjs1222/GLOBGM/run_simulation/model_job_scripts/.snakemake/slurm_logs/rule_post_model_solution1_hds_subRun4/9399616.log).

[Tue Jan 14 20:53:18 2025]
rule post_model_solution1_wtd_subRun4:
    input: /projects/prjs1222/globgm_output/historical_with_pump/gswp3-w5e5/slurm_logs/3_run_model/done_run_model_solution1_subRun4
    output: /projects/prjs1222/globgm_output/historical_with_pump/gswp3-w5e5/slurm_logs/4_post-processing/done_post_model_solution1_wtd_subRun4
    jobid: 1
    reason: Missing output files: /projects/prjs1222/globgm_output/historical_with_pump/gswp3-w5e5/slurm_logs/4_post-processing/done_post_model_solution1_wtd_subRun4; Input files updated by another job: /projects/prjs1222/globgm_output/historical_with_pump/gswp3-w5e5/slurm_logs/3_run_model/done_run_model_solution1_subRun4
    resources: mem_mb=28000, mem_mib=26703, disk_mb=1000, disk_mib=954, tmpdir=<TBD>, slurm_account=uus2024031, slurm_partition=genoa, nodes=1, runtime=7140, constraint=scratch-node, tasks=16, cpus_per_task=1, slurm_extra= --output=/projects/prjs1222/globgm_output/historical_with_pump/gswp3-w5e5/slurm_logs/4_post-processing/_post_model_solution1_wtd_subRun4.out

Job 1 has been submitted with SLURM jobid 9399618 (log: /gpfs/work4/0/prjs1222/GLOBGM/run_simulation/model_job_scripts/.snakemake/slurm_logs/rule_post_model_solution1_wtd_subRun4/9399618.log).
[Tue Jan 14 21:04:18 2025]
Finished job 55.
42 of 56 steps (75%) done
[Tue Jan 14 21:04:18 2025]
Finished job 56.
43 of 56 steps (77%) done
[Tue Jan 14 21:27:00 2025]
Finished job 77.
44 of 56 steps (79%) done
[Tue Jan 14 22:04:32 2025]
Finished job 48.
45 of 56 steps (80%) done
[Tue Jan 14 22:04:32 2025]
Finished job 46.
46 of 56 steps (82%) done
[Tue Jan 14 22:45:04 2025]
Finished job 45.
47 of 56 steps (84%) done
[Tue Jan 14 22:45:04 2025]
Finished job 1.
48 of 56 steps (86%) done
[Tue Jan 14 23:10:35 2025]
Finished job 78.
49 of 56 steps (88%) done
[Tue Jan 14 23:23:36 2025]
Finished job 70.
50 of 56 steps (89%) done
[Wed Jan 15 00:43:10 2025]
Finished job 69.
51 of 56 steps (91%) done
[Wed Jan 15 02:08:53 2025]
Finished job 62.
52 of 56 steps (93%) done
[Wed Jan 15 02:08:53 2025]
Finished job 61.
53 of 56 steps (95%) done
[Wed Jan 15 02:34:24 2025]
Finished job 54.
54 of 56 steps (96%) done
[Wed Jan 15 02:34:24 2025]
Finished job 52.
55 of 56 steps (98%) done
Select jobs to execute...
Execute 1 jobs...

[Wed Jan 15 02:34:24 2025]
localrule all:
    input: /projects/prjs1222/globgm_output/historical_with_pump/gswp3-w5e5/slurm_logs/4_post-processing/done_post_model_solution1_wtd_subRun4, /projects/prjs1222/globgm_output/historical_with_pump/gswp3-w5e5/slurm_logs/4_post-processing/done_post_model_solution1_hds_subRun4, /projects/prjs1222/globgm_output/historical_with_pump/gswp3-w5e5/slurm_logs/4_post-processing/done_post_model_solution2_wtd_subRun4, /projects/prjs1222/globgm_output/historical_with_pump/gswp3-w5e5/slurm_logs/4_post-processing/done_post_model_solution2_hds_subRun4, /projects/prjs1222/globgm_output/historical_with_pump/gswp3-w5e5/slurm_logs/4_post-processing/done_post_model_solution3_wtd_subRun4, /projects/prjs1222/globgm_output/historical_with_pump/gswp3-w5e5/slurm_logs/4_post-processing/done_post_model_solution3_hds_subRun4, /projects/prjs1222/globgm_output/historical_with_pump/gswp3-w5e5/slurm_logs/4_post-processing/done_post_model_solution4_wtd_subRun4, /projects/prjs1222/globgm_output/historical_with_pump/gswp3-w5e5/slurm_logs/4_post-processing/done_post_model_solution4_hds_subRun4, /projects/prjs1222/globgm_output/historical_with_pump/gswp3-w5e5/slurm_logs/4_post-processing/done_post_model_solution1_hds_subRun3, /projects/prjs1222/globgm_output/historical_with_pump/gswp3-w5e5/slurm_logs/4_post-processing/done_post_model_solution1_wtd_subRun3, /projects/prjs1222/globgm_output/historical_with_pump/gswp3-w5e5/slurm_logs/4_post-processing/done_post_model_solution2_wtd_subRun3, /projects/prjs1222/globgm_output/historical_with_pump/gswp3-w5e5/slurm_logs/4_post-processing/done_post_model_solution2_hds_subRun3, /projects/prjs1222/globgm_output/historical_with_pump/gswp3-w5e5/slurm_logs/4_post-processing/done_post_model_solution3_wtd_subRun3, /projects/prjs1222/globgm_output/historical_with_pump/gswp3-w5e5/slurm_logs/4_post-processing/done_post_model_solution3_hds_subRun3, /projects/prjs1222/globgm_output/historical_with_pump/gswp3-w5e5/slurm_logs/4_post-processing/done_post_model_solution4_wtd_subRun3, /projects/prjs1222/globgm_output/historical_with_pump/gswp3-w5e5/slurm_logs/4_post-processing/done_post_model_solution4_hds_subRun3, /projects/prjs1222/globgm_output/historical_with_pump/gswp3-w5e5/slurm_logs/4_post-processing/done_post_model_solution1_hds_subRun2, /projects/prjs1222/globgm_output/historical_with_pump/gswp3-w5e5/slurm_logs/4_post-processing/done_post_model_solution1_wtd_subRun2, /projects/prjs1222/globgm_output/historical_with_pump/gswp3-w5e5/slurm_logs/4_post-processing/done_post_model_solution2_wtd_subRun2, /projects/prjs1222/globgm_output/historical_with_pump/gswp3-w5e5/slurm_logs/4_post-processing/done_post_model_solution2_hds_subRun2, /projects/prjs1222/globgm_output/historical_with_pump/gswp3-w5e5/slurm_logs/4_post-processing/done_post_model_solution3_wtd_subRun2, /projects/prjs1222/globgm_output/historical_with_pump/gswp3-w5e5/slurm_logs/4_post-processing/done_post_model_solution3_hds_subRun2, /projects/prjs1222/globgm_output/historical_with_pump/gswp3-w5e5/slurm_logs/4_post-processing/done_post_model_solution4_wtd_subRun2, /projects/prjs1222/globgm_output/historical_with_pump/gswp3-w5e5/slurm_logs/4_post-processing/done_post_model_solution4_hds_subRun2, /projects/prjs1222/globgm_output/historical_with_pump/gswp3-w5e5/slurm_logs/4_post-processing/done_post_model_solution1_hds_subRun1, /projects/prjs1222/globgm_output/historical_with_pump/gswp3-w5e5/slurm_logs/4_post-processing/done_post_model_solution1_wtd_subRun1, /projects/prjs1222/globgm_output/historical_with_pump/gswp3-w5e5/slurm_logs/4_post-processing/done_post_model_solution2_wtd_subRun1, /projects/prjs1222/globgm_output/historical_with_pump/gswp3-w5e5/slurm_logs/4_post-processing/done_post_model_solution2_hds_subRun1, /projects/prjs1222/globgm_output/historical_with_pump/gswp3-w5e5/slurm_logs/4_post-processing/done_post_model_solution3_wtd_subRun1, /projects/prjs1222/globgm_output/historical_with_pump/gswp3-w5e5/slurm_logs/4_post-processing/done_post_model_solution3_hds_subRun1, /projects/prjs1222/globgm_output/historical_with_pump/gswp3-w5e5/slurm_logs/4_post-processing/done_post_model_solution4_wtd_subRun1, /projects/prjs1222/globgm_output/historical_with_pump/gswp3-w5e5/slurm_logs/4_post-processing/done_post_model_solution4_hds_subRun1
    jobid: 0
    reason: Input files updated by another job: /projects/prjs1222/globgm_output/historical_with_pump/gswp3-w5e5/slurm_logs/4_post-processing/done_post_model_solution4_wtd_subRun4, /projects/prjs1222/globgm_output/historical_with_pump/gswp3-w5e5/slurm_logs/4_post-processing/done_post_model_solution1_wtd_subRun3, /projects/prjs1222/globgm_output/historical_with_pump/gswp3-w5e5/slurm_logs/4_post-processing/done_post_model_solution1_hds_subRun3, /projects/prjs1222/globgm_output/historical_with_pump/gswp3-w5e5/slurm_logs/4_post-processing/done_post_model_solution3_hds_subRun2, /projects/prjs1222/globgm_output/historical_with_pump/gswp3-w5e5/slurm_logs/4_post-processing/done_post_model_solution4_hds_subRun1, /projects/prjs1222/globgm_output/historical_with_pump/gswp3-w5e5/slurm_logs/4_post-processing/done_post_model_solution2_wtd_subRun1, /projects/prjs1222/globgm_output/historical_with_pump/gswp3-w5e5/slurm_logs/4_post-processing/done_post_model_solution2_wtd_subRun3, /projects/prjs1222/globgm_output/historical_with_pump/gswp3-w5e5/slurm_logs/4_post-processing/done_post_model_solution3_hds_subRun1, /projects/prjs1222/globgm_output/historical_with_pump/gswp3-w5e5/slurm_logs/4_post-processing/done_post_model_solution3_wtd_subRun4, /projects/prjs1222/globgm_output/historical_with_pump/gswp3-w5e5/slurm_logs/4_post-processing/done_post_model_solution4_hds_subRun4, /projects/prjs1222/globgm_output/historical_with_pump/gswp3-w5e5/slurm_logs/4_post-processing/done_post_model_solution1_hds_subRun1, /projects/prjs1222/globgm_output/historical_with_pump/gswp3-w5e5/slurm_logs/4_post-processing/done_post_model_solution2_hds_subRun2, /projects/prjs1222/globgm_output/historical_with_pump/gswp3-w5e5/slurm_logs/4_post-processing/done_post_model_solution3_wtd_subRun2, /projects/prjs1222/globgm_output/historical_with_pump/gswp3-w5e5/slurm_logs/4_post-processing/done_post_model_solution2_hds_subRun3, /projects/prjs1222/globgm_output/historical_with_pump/gswp3-w5e5/slurm_logs/4_post-processing/done_post_model_solution3_wtd_subRun3, /projects/prjs1222/globgm_output/historical_with_pump/gswp3-w5e5/slurm_logs/4_post-processing/done_post_model_solution2_wtd_subRun4, /projects/prjs1222/globgm_output/historical_with_pump/gswp3-w5e5/slurm_logs/4_post-processing/done_post_model_solution2_wtd_subRun2, /projects/prjs1222/globgm_output/historical_with_pump/gswp3-w5e5/slurm_logs/4_post-processing/done_post_model_solution4_wtd_subRun2, /projects/prjs1222/globgm_output/historical_with_pump/gswp3-w5e5/slurm_logs/4_post-processing/done_post_model_solution2_hds_subRun1, /projects/prjs1222/globgm_output/historical_with_pump/gswp3-w5e5/slurm_logs/4_post-processing/done_post_model_solution1_wtd_subRun4, /projects/prjs1222/globgm_output/historical_with_pump/gswp3-w5e5/slurm_logs/4_post-processing/done_post_model_solution1_hds_subRun4, /projects/prjs1222/globgm_output/historical_with_pump/gswp3-w5e5/slurm_logs/4_post-processing/done_post_model_solution4_hds_subRun3, /projects/prjs1222/globgm_output/historical_with_pump/gswp3-w5e5/slurm_logs/4_post-processing/done_post_model_solution4_hds_subRun2, /projects/prjs1222/globgm_output/historical_with_pump/gswp3-w5e5/slurm_logs/4_post-processing/done_post_model_solution4_wtd_subRun1, /projects/prjs1222/globgm_output/historical_with_pump/gswp3-w5e5/slurm_logs/4_post-processing/done_post_model_solution4_wtd_subRun3, /projects/prjs1222/globgm_output/historical_with_pump/gswp3-w5e5/slurm_logs/4_post-processing/done_post_model_solution3_hds_subRun4, /projects/prjs1222/globgm_output/historical_with_pump/gswp3-w5e5/slurm_logs/4_post-processing/done_post_model_solution1_hds_subRun2, /projects/prjs1222/globgm_output/historical_with_pump/gswp3-w5e5/slurm_logs/4_post-processing/done_post_model_solution1_wtd_subRun2, /projects/prjs1222/globgm_output/historical_with_pump/gswp3-w5e5/slurm_logs/4_post-processing/done_post_model_solution1_wtd_subRun1, /projects/prjs1222/globgm_output/historical_with_pump/gswp3-w5e5/slurm_logs/4_post-processing/done_post_model_solution3_wtd_subRun1, /projects/prjs1222/globgm_output/historical_with_pump/gswp3-w5e5/slurm_logs/4_post-processing/done_post_model_solution2_hds_subRun4, /projects/prjs1222/globgm_output/historical_with_pump/gswp3-w5e5/slurm_logs/4_post-processing/done_post_model_solution3_hds_subRun3
    resources: mem_mb=1000, mem_mib=954, disk_mb=1000, disk_mib=954, tmpdir=/scratch-local/barrygwt.9393451, slurm_account=uus2024031

[Wed Jan 15 02:34:24 2025]
Finished job 0.
56 of 56 steps (100%) done
Complete log: .snakemake/log/2025-01-14T122839.190882.snakemake.log
Cleaning up log files older than 10 day(s)

JOB STATISTICS
==============
Job ID: 9393451
Cluster: snellius
User/Group: barrygwt/barrygwt
State: COMPLETED (exit code 0)
Nodes: 1
Cores per node: 16
CPU Utilized: 00:00:36
CPU Efficiency: 0.00% of 9-09:38:56 core-walltime
Job Wall-clock time: 14:06:11
Memory Utilized: 287.39 MB
Memory Efficiency: 1.00% of 28.00 GB
